Unity Editor version:    2020.3.19f1 (68f137dc9bbe)
Branch:                  2020.3/staging
Build type:              Release
Batch mode:              YES
macOS version:           Version 11.4 (Build 20F71)
Darwin version:          20.5.0
Architecture:            x86_64
Running under Rosetta:   NO
Available memory:        16384 MB
Using pre-set license
Pro License: NO

COMMAND LINE ARGUMENTS:
/Applications/Unity/Hub/Editor/2020.3.19f1/Unity.app/Contents/MacOS/Unity
-adb2
-batchMode
-noUpm
-name
AssetImportWorker0
-projectPath
/Users/michelle0800laugmail.com/Documents/GitHub/Assignment2WalkingSim
-logFile
Logs/AssetImportWorker0.log
-srvPort
57313
Successfully changed project path to: /Users/michelle0800laugmail.com/Documents/GitHub/Assignment2WalkingSim
/Users/michelle0800laugmail.com/Documents/GitHub/Assignment2WalkingSim
Using Asset Import Pipeline V2.
Refreshing native plugins compatible for Editor in 29.62 ms, found 2 plugins.
Preloading 0 native plugins for Editor in 0.00 ms.
Initialize engine version: 2020.3.19f1 (68f137dc9bbe)
[Subsystems] Discovering subsystems at path /Applications/Unity/Hub/Editor/2020.3.19f1/Unity.app/Contents/Resources/UnitySubsystems
[Subsystems] Discovering subsystems at path /Users/michelle0800laugmail.com/Documents/GitHub/Assignment2WalkingSim/Assets
GfxDevice: creating device client; threaded=0
2021-10-11 22:47:19.284 Unity[88732:6860097] Color LCD preferred device: Intel(R) UHD Graphics 630 (low power)
2021-10-11 22:47:19.284 Unity[88732:6860097] Metal devices available: 2
2021-10-11 22:47:19.284 Unity[88732:6860097] 0: AMD Radeon Pro 555X (high power)
2021-10-11 22:47:19.284 Unity[88732:6860097] 1: Intel(R) UHD Graphics 630 (low power)
2021-10-11 22:47:19.284 Unity[88732:6860097] Using device AMD Radeon Pro 555X (high power)
Initializing Metal device caps: AMD Radeon Pro 555X
Initialize mono
Mono path[0] = '/Applications/Unity/Hub/Editor/2020.3.19f1/Unity.app/Contents/Managed'
Mono path[1] = '/Applications/Unity/Hub/Editor/2020.3.19f1/Unity.app/Contents/MonoBleedingEdge/lib/mono/unityjit'
Mono config path = '/Applications/Unity/Hub/Editor/2020.3.19f1/Unity.app/Contents/MonoBleedingEdge/etc'
Using monoOptions --debugger-agent=transport=dt_socket,embedding=1,server=y,suspend=n,address=127.0.0.1:56732
Begin MonoManager ReloadAssembly
Registering precompiled unity dll's ...
Register platform support module: /Applications/Unity/Hub/Editor/2020.3.19f1/PlaybackEngines/WebGLSupport/UnityEditor.WebGL.Extensions.dll
Register platform support module: /Applications/Unity/Hub/Editor/2020.3.19f1/Unity.app/Contents/PlaybackEngines/MacStandaloneSupport/UnityEditor.OSXStandalone.Extensions.dll
Registered in 0.003433 seconds.
Native extension for OSXStandalone target not found
Native extension for WebGL target not found
Refreshing native plugins compatible for Editor in 28.23 ms, found 2 plugins.
Preloading 0 native plugins for Editor in 0.00 ms.
Mono: successfully reloaded assembly
- Completed reload, in  2.035 seconds
Domain Reload Profiling:
	ReloadAssembly (2035ms)
		BeginReloadAssembly (43ms)
			ExecutionOrderSort (0ms)
			DisableScriptedObjects (0ms)
			BackupInstance (0ms)
			ReleaseScriptingObjects (0ms)
			CreateAndSetChildDomain (1ms)
		EndReloadAssembly (477ms)
			LoadAssemblies (44ms)
			RebuildTransferFunctionScriptingTraits (0ms)
			SetupTypeCache (195ms)
			ReleaseScriptCaches (0ms)
			RebuildScriptCaches (42ms)
			SetupLoadedEditorAssemblies (183ms)
				LogAssemblyErrors (0ms)
				InitializePlatformSupportModulesInManaged (5ms)
				SetLoadedEditorAssemblies (0ms)
				RefreshPlugins (28ms)
				BeforeProcessingInitializeOnLoad (10ms)
				ProcessInitializeOnLoadAttributes (108ms)
				ProcessInitializeOnLoadMethodAttributes (31ms)
				AfterProcessingInitializeOnLoad (0ms)
				EditorAssembliesLoaded (0ms)
			ExecutionOrderSort2 (0ms)
			AwakeInstancesAfterBackupRestoration (0ms)
Platform modules already initialized, skipping
Registering precompiled user dll's ...
Registered in 0.001180 seconds.
Begin MonoManager ReloadAssembly
Native extension for OSXStandalone target not found
Native extension for WebGL target not found
Refreshing native plugins compatible for Editor in 0.30 ms, found 2 plugins.
Preloading 0 native plugins for Editor in 0.00 ms.
Mono: successfully reloaded assembly
- Completed reload, in  1.153 seconds
Domain Reload Profiling:
	ReloadAssembly (1154ms)
		BeginReloadAssembly (165ms)
			ExecutionOrderSort (0ms)
			DisableScriptedObjects (5ms)
			BackupInstance (0ms)
			ReleaseScriptingObjects (0ms)
			CreateAndSetChildDomain (36ms)
		EndReloadAssembly (919ms)
			LoadAssemblies (83ms)
			RebuildTransferFunctionScriptingTraits (0ms)
			SetupTypeCache (331ms)
			ReleaseScriptCaches (0ms)
			RebuildScriptCaches (56ms)
			SetupLoadedEditorAssemblies (329ms)
				LogAssemblyErrors (0ms)
				InitializePlatformSupportModulesInManaged (6ms)
				SetLoadedEditorAssemblies (1ms)
				RefreshPlugins (0ms)
				BeforeProcessingInitializeOnLoad (70ms)
				ProcessInitializeOnLoadAttributes (247ms)
				ProcessInitializeOnLoadMethodAttributes (4ms)
				AfterProcessingInitializeOnLoad (1ms)
				EditorAssembliesLoaded (0ms)
			ExecutionOrderSort2 (0ms)
			AwakeInstancesAfterBackupRestoration (8ms)
Platform modules already initialized, skipping
Validating Project structure ... 0.003984 seconds.
Shader import version has changed; will reimport all shaders...
Upgrading shader files ...0.017920 seconds.
Application.AssetDatabase Initial Script Refresh Start
RefreshInfo: InitialScriptRefreshV2(NoUpdateAssetOptions) scanfilter:  ... 1 filters
RefreshProfiler: Total: 0.000ms
Application.AssetDatabase Initial Script Refresh End
Application.AssetDatabase.Refresh Start
Application.AssetDatabase.Refresh End
RefreshInfo: StopAssetImportingV2(ForceSynchronousImport) scanfilter: 
RefreshProfiler: Total: 0.000ms
Launching external process: /Applications/Unity/Hub/Editor/2020.3.19f1/Unity.app/Contents/Tools/UnityShaderCompiler
Launched and connected shader compiler UnityShaderCompiler after 0.01 seconds
Initializing Unity extensions:
========================================================================
Worker process is ready to serve import requests
Refreshing native plugins compatible for Editor in 0.28 ms, found 2 plugins.
Preloading 0 native plugins for Editor in 0.00 ms.
Unloading 1410 Unused Serialized files (Serialized files now loaded: 0)
System memory in use before: 183.1 MB.
System memory in use after: 182.8 MB.

Unloading 75 unused Assets to reduce memory usage. Loaded Objects now: 1894.
Total: 2.978284 ms (FindLiveObjects: 0.171866 ms CreateObjectMapping: 0.045645 ms MarkObjects: 2.579656 ms  DeleteObjects: 0.179877 ms)

AssetImportParameters requested are different than current active one (requested -> active):
  custom:video-decoder-ogg-theora: a1e56fd34408186e4bbccfd4996cb3dc -> 
  custom:container-muxer-webm: aa71ff27fc2769a1b78a27578f13a17b -> 
  custom:container-demuxer-webm: 4f35f7cbe854078d1ac9338744f61a02 -> 
  custom:container-demuxer-ogg: 62fdf1f143b41e24485cea50d1cbac27 -> 
  custom:video-encoder-webm-vp8: eb34c28f22e8b96e1ab97ce403110664 -> 
  custom:framework-osx-AVFoundation: e770b220cccbd017edd2c1fefb359320 -> 
  custom:video-decoder-webm-vp8: 9c59270c3fd7afecdb556c50c9e8de78 -> 
  custom:audio-decoder-ogg-vorbis: bf7c407c2cedff20999df2af8eb42d56 -> 
  custom:audio-encoder-webm-vorbis: bf7c407c2cedff20999df2af8eb42d56 -> 
========================================================================
Received Import Request.
  path: Assets/GrassFlowers/Post-Processing For GrassFlowers.asset
  artifactKey: Guid(150fbd13cfcddb34ebc82b228a769165) Importer(815301076,1909f56bfc062723c751e8b465ee728b)
Start importing Assets/GrassFlowers/Post-Processing For GrassFlowers.asset using Guid(150fbd13cfcddb34ebc82b228a769165) Importer(815301076,1909f56bfc062723c751e8b465ee728b)  -> (artifact id: 'e929973134c60d9c3a23d3e15f3b3626') in 1.213351 seconds 
  Import took 1.215975 seconds .

========================================================================
Received Import Request.
  Time since last request: 1.029327 seconds.
  path: Assets/Scenes
  artifactKey: Guid(0499ba360a6a54d1885d85b0c4fceaaa) Importer(815301076,1909f56bfc062723c751e8b465ee728b)
Start importing Assets/Scenes using Guid(0499ba360a6a54d1885d85b0c4fceaaa) Importer(815301076,1909f56bfc062723c751e8b465ee728b)  -> (artifact id: '76fe67f2150b40da5a9debe2199288fe') in 0.000949 seconds 
  Import took 0.003764 seconds .

========================================================================
Received Import Request.
  Time since last request: 83.507944 seconds.
  path: Assets/New Terrain.asset
  artifactKey: Guid(edb677eaf4557483aaebdd5a3d61d668) Importer(815301076,1909f56bfc062723c751e8b465ee728b)
Start importing Assets/New Terrain.asset using Guid(edb677eaf4557483aaebdd5a3d61d668) Importer(815301076,1909f56bfc062723c751e8b465ee728b)  -> (artifact id: '40f0219466e929ecada13ddcf78460e3') in 0.017178 seconds 
  Import took 0.019941 seconds .

========================================================================
Received Import Request.
  Time since last request: 144.027649 seconds.
  path: Assets/New Terrain.asset
  artifactKey: Guid(edb677eaf4557483aaebdd5a3d61d668) Importer(815301076,1909f56bfc062723c751e8b465ee728b)
Start importing Assets/New Terrain.asset using Guid(edb677eaf4557483aaebdd5a3d61d668) Importer(815301076,1909f56bfc062723c751e8b465ee728b)  -> (artifact id: 'a3684139e9c32d250d6f09ef2c74f4b5') in 0.008219 seconds 
  Import took 0.010818 seconds .

========================================================================
Received Import Request.
  Time since last request: 8.960044 seconds.
  path: Assets/Conifers [BOTD]/Shared Sources/Textures/BODT Conifer  Branches [Albedo] [Smoothness].tif
  artifactKey: Guid(5597dc21a8aed4e7ba2c0f93dc4b1d98) Importer(815301076,1909f56bfc062723c751e8b465ee728b)
Start importing Assets/Conifers [BOTD]/Shared Sources/Textures/BODT Conifer  Branches [Albedo] [Smoothness].tif using Guid(5597dc21a8aed4e7ba2c0f93dc4b1d98) Importer(815301076,1909f56bfc062723c751e8b465ee728b)  -> (artifact id: '9939acc8d511c9c4e402b46491d90417') in 1.094029 seconds 
  Import took 1.096448 seconds .

========================================================================
Received Import Request.
  Time since last request: 0.003418 seconds.
  path: Assets/Conifers [BOTD]/Shared Sources/Textures/BODT Conifer Trunk [Normal] [AO] [Specular].psd
  artifactKey: Guid(cc724252428df448db5a10316678900b) Importer(815301076,1909f56bfc062723c751e8b465ee728b)
Start importing Assets/Conifers [BOTD]/Shared Sources/Textures/BODT Conifer Trunk [Normal] [AO] [Specular].psd using Guid(cc724252428df448db5a10316678900b) Importer(815301076,1909f56bfc062723c751e8b465ee728b)  -> (artifact id: '71e3282e722f4448e3d55690954d4f05') in 0.365170 seconds 
  Import took 0.368799 seconds .

========================================================================
Received Import Request.
  Time since last request: 0.003419 seconds.
  path: Assets/Conifers [BOTD]/Shared Sources/Textures/BODT Conifer Branches [Trans] [Smoothness].psd
  artifactKey: Guid(ca6a46a4d37514e00ae826202bad794e) Importer(815301076,1909f56bfc062723c751e8b465ee728b)
Start importing Assets/Conifers [BOTD]/Shared Sources/Textures/BODT Conifer Branches [Trans] [Smoothness].psd using Guid(ca6a46a4d37514e00ae826202bad794e) Importer(815301076,1909f56bfc062723c751e8b465ee728b)  -> (artifact id: 'e381634d17024ef891907bfb153a7fc6') in 0.019729 seconds 
  Import took 0.022409 seconds .

========================================================================
Received Import Request.
  Time since last request: 0.000311 seconds.
  path: Assets/Conifers [BOTD]/Shared Sources/Textures/Billboards/Billboard Bare/Conifer Bare [Albedo].png
  artifactKey: Guid(812b636c9bcef4b8aa194e3f6c9128e0) Importer(815301076,1909f56bfc062723c751e8b465ee728b)
Start importing Assets/Conifers [BOTD]/Shared Sources/Textures/Billboards/Billboard Bare/Conifer Bare [Albedo].png using Guid(812b636c9bcef4b8aa194e3f6c9128e0) Importer(815301076,1909f56bfc062723c751e8b465ee728b)  -> (artifact id: '18ee0aae23ed4e1299e207fcaa7b14fb') in 1.047320 seconds 
  Import took 1.050214 seconds .

========================================================================
Received Import Request.
  Time since last request: 0.003583 seconds.
  path: Assets/Conifers [BOTD]/Shared Sources/Textures/BODT Conifer Trunk [Albedo] [Smoothness].tif
  artifactKey: Guid(802f5539a44734bfcacbe5243d44edf1) Importer(815301076,1909f56bfc062723c751e8b465ee728b)
Start importing Assets/Conifers [BOTD]/Shared Sources/Textures/BODT Conifer Trunk [Albedo] [Smoothness].tif using Guid(802f5539a44734bfcacbe5243d44edf1) Importer(815301076,1909f56bfc062723c751e8b465ee728b)  -> (artifact id: 'f054e08e5e1abd1a7bc58925aa178aa2') in 0.016000 seconds 
  Import took 0.018847 seconds .

========================================================================
Received Import Request.
  Time since last request: 0.000306 seconds.
  path: Assets/Conifers [BOTD]/Shared Sources/Textures/BODT Conifer x Stump [Normal] [AO] [Specular].tif
  artifactKey: Guid(7292f645408434cb896aaee2fd9c2a14) Importer(815301076,1909f56bfc062723c751e8b465ee728b)
Start importing Assets/Conifers [BOTD]/Shared Sources/Textures/BODT Conifer x Stump [Normal] [AO] [Specular].tif using Guid(7292f645408434cb896aaee2fd9c2a14) Importer(815301076,1909f56bfc062723c751e8b465ee728b)  -> (artifact id: 'c518fc2a629cec05ec80a74e558b3c60') in 0.030084 seconds 
  Import took 0.033703 seconds .

========================================================================
Received Import Request.
  Time since last request: 0.000278 seconds.
  path: Assets/Conifers [BOTD]/Shared Sources/Textures/BODT Conifer x Stump [Albedo] [Smoothness].tif
  artifactKey: Guid(d7e1060759db04260bbeb12bc11664bd) Importer(815301076,1909f56bfc062723c751e8b465ee728b)
Start importing Assets/Conifers [BOTD]/Shared Sources/Textures/BODT Conifer x Stump [Albedo] [Smoothness].tif using Guid(d7e1060759db04260bbeb12bc11664bd) Importer(815301076,1909f56bfc062723c751e8b465ee728b)  -> (artifact id: 'a0aa8402cbb9dcd052d3abf0b5bf862a') in 0.012731 seconds 
  Import took 0.015563 seconds .

========================================================================
Received Import Request.
  Time since last request: 0.000331 seconds.
  path: Assets/Conifers [BOTD]/Shared Sources/Textures/BODT Conifer Branches_Normal combined.tif
  artifactKey: Guid(d7dcdeeae2a5d4c6f8e5328e09728b47) Importer(815301076,1909f56bfc062723c751e8b465ee728b)
Start importing Assets/Conifers [BOTD]/Shared Sources/Textures/BODT Conifer Branches_Normal combined.tif using Guid(d7dcdeeae2a5d4c6f8e5328e09728b47) Importer(815301076,1909f56bfc062723c751e8b465ee728b)  -> (artifact id: '70316eb928cc26fe722cc2ac97e0840b') in 0.015225 seconds 
  Import took 0.018289 seconds .

========================================================================
Received Import Request.
  Time since last request: 0.265012 seconds.
  path: Assets/Conifers [BOTD]/Shared Sources/Textures/Billboards/Billboard Bare/Conifer Bare [Normal] [Trans] [Smoothness].png
  artifactKey: Guid(a88058accae174b14b3aac765ff6bd72) Importer(815301076,1909f56bfc062723c751e8b465ee728b)
Start importing Assets/Conifers [BOTD]/Shared Sources/Textures/Billboards/Billboard Bare/Conifer Bare [Normal] [Trans] [Smoothness].png using Guid(a88058accae174b14b3aac765ff6bd72) Importer(815301076,1909f56bfc062723c751e8b465ee728b)  -> (artifact id: 'c0b6c395f0971f1b802bb61b90fbf209') in 0.012011 seconds 
  Import took 0.014824 seconds .

========================================================================
Received Import Request.
  Time since last request: 0.000309 seconds.
  path: Assets/Conifers [BOTD]/Shared Sources/Textures/Billboards/Billboard Medium/Conifer Medium [Normal] [Trans] [Smoothness].png
  artifactKey: Guid(a04078cc622984be682e2d4cfe2a4626) Importer(815301076,1909f56bfc062723c751e8b465ee728b)
Start importing Assets/Conifers [BOTD]/Shared Sources/Textures/Billboards/Billboard Medium/Conifer Medium [Normal] [Trans] [Smoothness].png using Guid(a04078cc622984be682e2d4cfe2a4626) Importer(815301076,1909f56bfc062723c751e8b465ee728b)  -> (artifact id: '6064dfb5fd311c4e932a71c5235c3360') in 0.012022 seconds 
  Import took 0.014974 seconds .

========================================================================
Received Import Request.
  Time since last request: 0.000322 seconds.
  path: Assets/Conifers [BOTD]/Shared Sources/Textures/Billboards/Billboard Tall/Conifer Tall  [Normal] [Trans] [Smoothness].png
  artifactKey: Guid(8563448672a814173927f49bd00c2988) Importer(815301076,1909f56bfc062723c751e8b465ee728b)
Start importing Assets/Conifers [BOTD]/Shared Sources/Textures/Billboards/Billboard Tall/Conifer Tall  [Normal] [Trans] [Smoothness].png using Guid(8563448672a814173927f49bd00c2988) Importer(815301076,1909f56bfc062723c751e8b465ee728b)  -> (artifact id: '7791901440615ebdd12afcd59e305cc3') in 0.013751 seconds 
  Import took 0.016893 seconds .

========================================================================
Received Import Request.
  Time since last request: 0.000262 seconds.
  path: Assets/Conifers [BOTD]/Shared Sources/Textures/Billboards/Billboard Tall/Conifer Tall [Albedo].png
  artifactKey: Guid(d7ffe1fa944f34298b984303aca8ae36) Importer(815301076,1909f56bfc062723c751e8b465ee728b)
Start importing Assets/Conifers [BOTD]/Shared Sources/Textures/Billboards/Billboard Tall/Conifer Tall [Albedo].png using Guid(d7ffe1fa944f34298b984303aca8ae36) Importer(815301076,1909f56bfc062723c751e8b465ee728b)  -> (artifact id: '5857db6be20f914a2e7e879d43df9667') in 0.014448 seconds 
  Import took 0.017149 seconds .

========================================================================
Received Import Request.
  Time since last request: 0.000280 seconds.
  path: Assets/Conifers [BOTD]/Shared Sources/Textures/Billboards/Billboard Medium/Conifer Medium [Albedo].png
  artifactKey: Guid(5f07a52da52e24af1b58f7c3f631068c) Importer(815301076,1909f56bfc062723c751e8b465ee728b)
Start importing Assets/Conifers [BOTD]/Shared Sources/Textures/Billboards/Billboard Medium/Conifer Medium [Albedo].png using Guid(5f07a52da52e24af1b58f7c3f631068c) Importer(815301076,1909f56bfc062723c751e8b465ee728b)  -> (artifact id: '778856271d10015498a5b7de8f1c3f82') in 0.015331 seconds 
  Import took 0.017913 seconds .

========================================================================
Received Import Request.
  Time since last request: 0.000303 seconds.
  path: Assets/Conifers [BOTD]/Shared Sources/Textures/Billboards/Billboard Small/Conifer Small [Albedo].png
  artifactKey: Guid(1cf8efa437ce542e3a933a95bf4708b4) Importer(815301076,1909f56bfc062723c751e8b465ee728b)
Start importing Assets/Conifers [BOTD]/Shared Sources/Textures/Billboards/Billboard Small/Conifer Small [Albedo].png using Guid(1cf8efa437ce542e3a933a95bf4708b4) Importer(815301076,1909f56bfc062723c751e8b465ee728b)  -> (artifact id: 'd26676ad7bd7d91298d7b2223783b273') in 0.014167 seconds 
  Import took 0.016695 seconds .

========================================================================
Received Import Request.
  Time since last request: 0.000271 seconds.
  path: Assets/Conifers [BOTD]/Shared Sources/Textures/Billboards/Billboard Small/Conifer Small [Normal] [Trans] [Smoothness].png
  artifactKey: Guid(6774adab402874d14b5f931ea7cc3386) Importer(815301076,1909f56bfc062723c751e8b465ee728b)
Start importing Assets/Conifers [BOTD]/Shared Sources/Textures/Billboards/Billboard Small/Conifer Small [Normal] [Trans] [Smoothness].png using Guid(6774adab402874d14b5f931ea7cc3386) Importer(815301076,1909f56bfc062723c751e8b465ee728b)  -> (artifact id: '2e1706112a6193c69d4eb13ed9f01038') in 0.013271 seconds 
  Import took 0.015967 seconds .

========================================================================
Received Import Request.
  Time since last request: 0.017880 seconds.
  path: Assets/Conifers [BOTD]/Render Pipeline Support/Built-in RP/CTI Runtime Components/Default Components/Resources/CTI_default_ao_trans_smoothness.psd
  artifactKey: Guid(46de76019358942b7b0dd6b41a2ae40a) Importer(815301076,1909f56bfc062723c751e8b465ee728b)
Start importing Assets/Conifers [BOTD]/Render Pipeline Support/Built-in RP/CTI Runtime Components/Default Components/Resources/CTI_default_ao_trans_smoothness.psd using Guid(46de76019358942b7b0dd6b41a2ae40a) Importer(815301076,1909f56bfc062723c751e8b465ee728b)  -> (artifact id: '1bcabb525c3968ebc099d8294b42cd89') in 0.012577 seconds 
  Import took 0.015429 seconds .

========================================================================
Received Import Request.
  Time since last request: 0.000282 seconds.
  path: Assets/GrassFlowers/Textures/GrassFlowers/grass01.tga
  artifactKey: Guid(91a1945982e98be4d9fe3e3d12fdebd8) Importer(815301076,1909f56bfc062723c751e8b465ee728b)
Start importing Assets/GrassFlowers/Textures/GrassFlowers/grass01.tga using Guid(91a1945982e98be4d9fe3e3d12fdebd8) Importer(815301076,1909f56bfc062723c751e8b465ee728b)  -> (artifact id: 'be0fdd26b6cd095cacaf57deddd32fa6') in 1.110634 seconds 
  Import took 1.112902 seconds .

========================================================================
Received Import Request.
  Time since last request: 0.003321 seconds.
  path: Assets/GrassFlowers/Textures/GrassFlowers/grassFlower03.tga
  artifactKey: Guid(c6bde8cacfa93444fa98152cb9e36815) Importer(815301076,1909f56bfc062723c751e8b465ee728b)
Start importing Assets/GrassFlowers/Textures/GrassFlowers/grassFlower03.tga using Guid(c6bde8cacfa93444fa98152cb9e36815) Importer(815301076,1909f56bfc062723c751e8b465ee728b)  -> (artifact id: '30349a7d5845f875f04da77c84d5444f') in 0.011629 seconds 
  Import took 0.014214 seconds .

========================================================================
Received Import Request.
  Time since last request: 0.000307 seconds.
  path: Assets/Conifers [BOTD]/Render Pipeline Support/Built-in RP/CTI Runtime Components/Default Components/Resources/CTI_default_normal_spec.psd
  artifactKey: Guid(9a7c47bf0d59240a68e9d9fd692f632b) Importer(815301076,1909f56bfc062723c751e8b465ee728b)
Start importing Assets/Conifers [BOTD]/Render Pipeline Support/Built-in RP/CTI Runtime Components/Default Components/Resources/CTI_default_normal_spec.psd using Guid(9a7c47bf0d59240a68e9d9fd692f632b) Importer(815301076,1909f56bfc062723c751e8b465ee728b)  -> (artifact id: 'f54d4d6d249b5dc38b82a3f667f883c7') in 0.008671 seconds 
  Import took 0.011973 seconds .

========================================================================
Received Import Request.
  Time since last request: 0.000325 seconds.
  path: Assets/GrassFlowers/Textures/GrassFlowers/grassFlower04.tga
  artifactKey: Guid(5c744e80ad52c884c9ac4c9139b3aaae) Importer(815301076,1909f56bfc062723c751e8b465ee728b)
Start importing Assets/GrassFlowers/Textures/GrassFlowers/grassFlower04.tga using Guid(5c744e80ad52c884c9ac4c9139b3aaae) Importer(815301076,1909f56bfc062723c751e8b465ee728b)  -> (artifact id: 'b1884586f3ec9f3bf9cfec553b4a7674') in 0.029018 seconds 
  Import took 0.031801 seconds .

========================================================================
Received Import Request.
  Time since last request: 0.000282 seconds.
  path: Assets/GrassFlowers/Textures/GrassFlowers/grassFlower07.tga
  artifactKey: Guid(5afd653e4d79b7a4c9523dd543c0bead) Importer(815301076,1909f56bfc062723c751e8b465ee728b)
Start importing Assets/GrassFlowers/Textures/GrassFlowers/grassFlower07.tga using Guid(5afd653e4d79b7a4c9523dd543c0bead) Importer(815301076,1909f56bfc062723c751e8b465ee728b)  -> (artifact id: '5f0017a9ee0836212d6c8364024cf31c') in 0.011733 seconds 
  Import took 0.014857 seconds .

========================================================================
Received Import Request.
  Time since last request: 0.000279 seconds.
  path: Assets/GrassFlowers/Textures/GrassFlowers/grassFlower08.tga
  artifactKey: Guid(8900a35e436818940b97df26c3a8a1aa) Importer(815301076,1909f56bfc062723c751e8b465ee728b)
Start importing Assets/GrassFlowers/Textures/GrassFlowers/grassFlower08.tga using Guid(8900a35e436818940b97df26c3a8a1aa) Importer(815301076,1909f56bfc062723c751e8b465ee728b)  -> (artifact id: 'bc3ea675a27bc1b1990acad56ae9af6d') in 0.015848 seconds 
  Import took 0.018537 seconds .

========================================================================
Received Import Request.
  Time since last request: 0.000268 seconds.
  path: Assets/GrassFlowers/Textures/GrassFlowers/grassFlower05.tga
  artifactKey: Guid(e3b33de953074bc4a88d9487f19c1202) Importer(815301076,1909f56bfc062723c751e8b465ee728b)
Start importing Assets/GrassFlowers/Textures/GrassFlowers/grassFlower05.tga using Guid(e3b33de953074bc4a88d9487f19c1202) Importer(815301076,1909f56bfc062723c751e8b465ee728b)  -> (artifact id: 'ba787c78be88c75e7359f2e8f2a8b01a') in 0.011160 seconds 
  Import took 0.013855 seconds .

========================================================================
Received Import Request.
  Time since last request: 0.000309 seconds.
  path: Assets/GrassFlowers/Textures/GrassFlowers/grassFlower01.tga
  artifactKey: Guid(5733619f617fd954cac22d3d11fd1b93) Importer(815301076,1909f56bfc062723c751e8b465ee728b)
Start importing Assets/GrassFlowers/Textures/GrassFlowers/grassFlower01.tga using Guid(5733619f617fd954cac22d3d11fd1b93) Importer(815301076,1909f56bfc062723c751e8b465ee728b)  -> (artifact id: 'a61b1e373d68626dabaca4dd34ea2aa1') in 0.013321 seconds 
  Import took 0.016253 seconds .

========================================================================
Received Import Request.
  Time since last request: 0.000312 seconds.
  path: Assets/GrassFlowers/Textures/Ground/Grass01_BigUV.png
  artifactKey: Guid(38bb15d6b378aff46b461e248592d1da) Importer(815301076,1909f56bfc062723c751e8b465ee728b)
Start importing Assets/GrassFlowers/Textures/Ground/Grass01_BigUV.png using Guid(38bb15d6b378aff46b461e248592d1da) Importer(815301076,1909f56bfc062723c751e8b465ee728b)  -> (artifact id: 'f546b4069e85152baf475005701c4b15') in 0.028234 seconds 
  Import took 0.032739 seconds .

========================================================================
Received Import Request.
  Time since last request: 0.000327 seconds.
  path: Assets/GrassFlowers/Textures/GrassFlowers/grassFlower06.tga
  artifactKey: Guid(b3d0250e4b7a1ac4abe98a38d34d2048) Importer(815301076,1909f56bfc062723c751e8b465ee728b)
Start importing Assets/GrassFlowers/Textures/GrassFlowers/grassFlower06.tga using Guid(b3d0250e4b7a1ac4abe98a38d34d2048) Importer(815301076,1909f56bfc062723c751e8b465ee728b)  -> (artifact id: 'ee44466fddcb6e4e0ae4ba5d985db731') in 0.011571 seconds 
  Import took 0.014731 seconds .

========================================================================
Received Import Request.
  Time since last request: 0.000409 seconds.
  path: Assets/GrassFlowers/Textures/GrassFlowers/grassFlower09.tga
  artifactKey: Guid(d238efbd27bc5ae4ead9839995f74830) Importer(815301076,1909f56bfc062723c751e8b465ee728b)
Start importing Assets/GrassFlowers/Textures/GrassFlowers/grassFlower09.tga using Guid(d238efbd27bc5ae4ead9839995f74830) Importer(815301076,1909f56bfc062723c751e8b465ee728b)  -> (artifact id: '88dfe88fd43a62c25e4bd82e190557fe') in 0.010506 seconds 
  Import took 0.013519 seconds .

========================================================================
Received Import Request.
  Time since last request: 0.000288 seconds.
  path: Assets/Conifers [BOTD]/Render Pipeline Support/Built-in RP/CTI Runtime Components/Default Components/Resources/CTI_default_normal_spec_ao.psd
  artifactKey: Guid(37fe0b5bbca93450593b8790186bf777) Importer(815301076,1909f56bfc062723c751e8b465ee728b)
Start importing Assets/Conifers [BOTD]/Render Pipeline Support/Built-in RP/CTI Runtime Components/Default Components/Resources/CTI_default_normal_spec_ao.psd using Guid(37fe0b5bbca93450593b8790186bf777) Importer(815301076,1909f56bfc062723c751e8b465ee728b)  -> (artifact id: 'a82c0aa44cef8427ef26282483e00bc0') in 0.008002 seconds 
  Import took 0.010811 seconds .

========================================================================
Received Import Request.
  Time since last request: 0.000258 seconds.
  path: Assets/GrassFlowers/Textures/GrassFlowers/grassFlower02.tga
  artifactKey: Guid(b0601839c4520064bb61d58d088810bc) Importer(815301076,1909f56bfc062723c751e8b465ee728b)
Start importing Assets/GrassFlowers/Textures/GrassFlowers/grassFlower02.tga using Guid(b0601839c4520064bb61d58d088810bc) Importer(815301076,1909f56bfc062723c751e8b465ee728b)  -> (artifact id: '971b879b4765a1c3b98842c9fb77a637') in 0.011904 seconds 
  Import took 0.014878 seconds .

========================================================================
Received Import Request.
  Time since last request: 0.000319 seconds.
  path: Assets/GrassFlowers/Textures/GrassFlowers/grass02.tga
  artifactKey: Guid(cf3069941001b5c46b1f13d4551d0fd9) Importer(815301076,1909f56bfc062723c751e8b465ee728b)
Start importing Assets/GrassFlowers/Textures/GrassFlowers/grass02.tga using Guid(cf3069941001b5c46b1f13d4551d0fd9) Importer(815301076,1909f56bfc062723c751e8b465ee728b)  -> (artifact id: 'dfc7e603b41471a379c8340cae6ef9bf') in 0.012914 seconds 
  Import took 0.016452 seconds .

========================================================================
Received Import Request.
  Time since last request: 1.104193 seconds.
  path: Assets/GrassFlowers/Textures/GrassFlowers/grassFlower10.tga
  artifactKey: Guid(dcefc591c195a9f468e9157baa03eb4f) Importer(815301076,1909f56bfc062723c751e8b465ee728b)
Start importing Assets/GrassFlowers/Textures/GrassFlowers/grassFlower10.tga using Guid(dcefc591c195a9f468e9157baa03eb4f) Importer(815301076,1909f56bfc062723c751e8b465ee728b)  -> (artifact id: '06c693da2d4f38f3e5880f251dfefd11') in 0.010462 seconds 
  Import took 0.013402 seconds .

========================================================================
Received Import Request.
  Time since last request: 0.000313 seconds.
  path: Assets/ADG_Textures/ground_vol1/ground1/ground1_Height.tga
  artifactKey: Guid(2a92ec3b24546c447ae2a5f5da6f3db8) Importer(815301076,1909f56bfc062723c751e8b465ee728b)
Start importing Assets/ADG_Textures/ground_vol1/ground1/ground1_Height.tga using Guid(2a92ec3b24546c447ae2a5f5da6f3db8) Importer(815301076,1909f56bfc062723c751e8b465ee728b)  -> (artifact id: '4f28d2e07e367963c92b66998c6bac15') in 0.016397 seconds 
  Import took 0.019601 seconds .

========================================================================
Received Import Request.
  Time since last request: 0.000295 seconds.
  path: Assets/ADG_Textures/ground_vol1/ground1/ground1_Ambient_Occlusion.tga
  artifactKey: Guid(c1bc467cfaaedf540b3910d72cb62cb8) Importer(815301076,1909f56bfc062723c751e8b465ee728b)
Start importing Assets/ADG_Textures/ground_vol1/ground1/ground1_Ambient_Occlusion.tga using Guid(c1bc467cfaaedf540b3910d72cb62cb8) Importer(815301076,1909f56bfc062723c751e8b465ee728b)  -> (artifact id: '3bc817d4a30612466fcea92b46e9c535') in 0.026644 seconds 
  Import took 0.029745 seconds .

========================================================================
Received Import Request.
  Time since last request: 0.000301 seconds.
  path: Assets/ADG_Textures/ground_vol1/ground1/ground1_Diffuse.tga
  artifactKey: Guid(eacec9cd0f31ea04b82121877a6cccaa) Importer(815301076,1909f56bfc062723c751e8b465ee728b)
Start importing Assets/ADG_Textures/ground_vol1/ground1/ground1_Diffuse.tga using Guid(eacec9cd0f31ea04b82121877a6cccaa) Importer(815301076,1909f56bfc062723c751e8b465ee728b)  -> (artifact id: '155034c78c74cf32972acc24da4dd5b0') in 0.011368 seconds 
  Import took 0.014805 seconds .

========================================================================
Received Import Request.
  Time since last request: 0.000388 seconds.
  path: Assets/ADG_Textures/ground_vol1/ground2/ground2_Height.tga
  artifactKey: Guid(cb74fa1f447a9ed4baf1d1bce2326844) Importer(815301076,1909f56bfc062723c751e8b465ee728b)
Start importing Assets/ADG_Textures/ground_vol1/ground2/ground2_Height.tga using Guid(cb74fa1f447a9ed4baf1d1bce2326844) Importer(815301076,1909f56bfc062723c751e8b465ee728b)  -> (artifact id: 'ab091ccc830c99b7657c953531338987') in 0.013899 seconds 
  Import took 0.017241 seconds .

========================================================================
Received Import Request.
  Time since last request: 0.000300 seconds.
  path: Assets/ADG_Textures/ground_vol1/ground2/ground2_Metallic.tga
  artifactKey: Guid(05ec23c4c1d2ad54eaebfd0bf25af051) Importer(815301076,1909f56bfc062723c751e8b465ee728b)
Start importing Assets/ADG_Textures/ground_vol1/ground2/ground2_Metallic.tga using Guid(05ec23c4c1d2ad54eaebfd0bf25af051) Importer(815301076,1909f56bfc062723c751e8b465ee728b)  -> (artifact id: 'dbc0332489941e6a1df058e2c3bf2ad7') in 0.011033 seconds 
  Import took 0.013685 seconds .

========================================================================
Received Import Request.
  Time since last request: 0.000310 seconds.
  path: Assets/ADG_Textures/ground_vol1/ground2/ground2_Ambient_Occlusion.tga
  artifactKey: Guid(cbfdc0c455424e84c94f238e9b9382ec) Importer(815301076,1909f56bfc062723c751e8b465ee728b)
Start importing Assets/ADG_Textures/ground_vol1/ground2/ground2_Ambient_Occlusion.tga using Guid(cbfdc0c455424e84c94f238e9b9382ec) Importer(815301076,1909f56bfc062723c751e8b465ee728b)  -> (artifact id: '9d28ee449aec9c41bfcc83ef020a0e1d') in 0.009987 seconds 
  Import took 0.012930 seconds .

========================================================================
Received Import Request.
  Time since last request: 0.000328 seconds.
  path: Assets/ADG_Textures/ground_vol1/ground2/ground2_Diffuse.tga
  artifactKey: Guid(ef1fbc9bae2718d4a8dbe2baaa01399c) Importer(815301076,1909f56bfc062723c751e8b465ee728b)
Start importing Assets/ADG_Textures/ground_vol1/ground2/ground2_Diffuse.tga using Guid(ef1fbc9bae2718d4a8dbe2baaa01399c) Importer(815301076,1909f56bfc062723c751e8b465ee728b)  -> (artifact id: 'b47f98191358a1bd33dadb8423e93618') in 0.014780 seconds 
  Import took 0.017370 seconds .

========================================================================
Received Import Request.
  Time since last request: 0.000259 seconds.
  path: Assets/ADG_Textures/ground_vol1/ground3/ground3_Normal.tga
  artifactKey: Guid(c138e91626b4607499e005102913a875) Importer(815301076,1909f56bfc062723c751e8b465ee728b)
Start importing Assets/ADG_Textures/ground_vol1/ground3/ground3_Normal.tga using Guid(c138e91626b4607499e005102913a875) Importer(815301076,1909f56bfc062723c751e8b465ee728b)  -> (artifact id: '652593519bc6fe7836c024b1829f2901') in 0.136858 seconds 
  Import took 0.139340 seconds .

========================================================================
Received Import Request.
  Time since last request: 0.000238 seconds.
  path: Assets/ADG_Textures/ground_vol1/ground3/ground3_Diffuse.tga
  artifactKey: Guid(c454ab598058d19449addc55a13cc73a) Importer(815301076,1909f56bfc062723c751e8b465ee728b)
Start importing Assets/ADG_Textures/ground_vol1/ground3/ground3_Diffuse.tga using Guid(c454ab598058d19449addc55a13cc73a) Importer(815301076,1909f56bfc062723c751e8b465ee728b)  -> (artifact id: '687b79510474dd040a3bcfaecfb2db17') in 0.009734 seconds 
  Import took 0.012066 seconds .

========================================================================
Received Import Request.
  Time since last request: 0.000239 seconds.
  path: Assets/ADG_Textures/ground_vol1/ground4/ground4_Metallic.tga
  artifactKey: Guid(fb1c850a227a62544b63c6626cfa8ba8) Importer(815301076,1909f56bfc062723c751e8b465ee728b)
Start importing Assets/ADG_Textures/ground_vol1/ground4/ground4_Metallic.tga using Guid(fb1c850a227a62544b63c6626cfa8ba8) Importer(815301076,1909f56bfc062723c751e8b465ee728b)  -> (artifact id: '94c569c7462d706c25af60d66031c0c0') in 0.017220 seconds 
  Import took 0.019987 seconds .

========================================================================
Received Import Request.
  Time since last request: 0.000349 seconds.
  path: Assets/ADG_Textures/ground_vol1/ground3/ground3_Ambient_Occlusion.tga
  artifactKey: Guid(ffe490c725fffcb479786a6e534250b9) Importer(815301076,1909f56bfc062723c751e8b465ee728b)
Start importing Assets/ADG_Textures/ground_vol1/ground3/ground3_Ambient_Occlusion.tga using Guid(ffe490c725fffcb479786a6e534250b9) Importer(815301076,1909f56bfc062723c751e8b465ee728b)  -> (artifact id: 'f0b5b1370bd9a415df0d74811b3ee168') in 0.027186 seconds 
  Import took 0.030288 seconds .

========================================================================
Received Import Request.
  Time since last request: 0.000329 seconds.
  path: Assets/ADG_Textures/ground_vol1/ground5/ground5_Diffuse.tga
  artifactKey: Guid(216e2729631e003468211108545a08f1) Importer(815301076,1909f56bfc062723c751e8b465ee728b)
Start importing Assets/ADG_Textures/ground_vol1/ground5/ground5_Diffuse.tga using Guid(216e2729631e003468211108545a08f1) Importer(815301076,1909f56bfc062723c751e8b465ee728b)  -> (artifact id: '849ea2e0b835edfd571b4205e5243ab6') in 0.012654 seconds 
  Import took 0.016307 seconds .

========================================================================
Received Import Request.
  Time since last request: 0.000302 seconds.
  path: Assets/ADG_Textures/ground_vol1/ground2/ground2_Normal.tga
  artifactKey: Guid(f3b2a952874cda74583658ed78a08ef2) Importer(815301076,1909f56bfc062723c751e8b465ee728b)
Start importing Assets/ADG_Textures/ground_vol1/ground2/ground2_Normal.tga using Guid(f3b2a952874cda74583658ed78a08ef2) Importer(815301076,1909f56bfc062723c751e8b465ee728b)  -> (artifact id: 'b45fe0ba48c1d859f6c788b30bc769d6') in 0.012379 seconds 
  Import took 0.015300 seconds .

========================================================================
Received Import Request.
  Time since last request: 0.000272 seconds.
  path: Assets/ADG_Textures/ground_vol1/ground1/ground1_Normal.tga
  artifactKey: Guid(aeff12fbe9fe2384bae4d1b436607b55) Importer(815301076,1909f56bfc062723c751e8b465ee728b)
Start importing Assets/ADG_Textures/ground_vol1/ground1/ground1_Normal.tga using Guid(aeff12fbe9fe2384bae4d1b436607b55) Importer(815301076,1909f56bfc062723c751e8b465ee728b)  -> (artifact id: '42b3ab5b34772a32145d7ef9c8cb1c78') in 0.012006 seconds 
  Import took 0.014673 seconds .

========================================================================
Received Import Request.
  Time since last request: 0.000290 seconds.
  path: Assets/ADG_Textures/ground_vol1/ground5/ground5_Height.tga
  artifactKey: Guid(60541731a16ad774bb3be1de36aa592f) Importer(815301076,1909f56bfc062723c751e8b465ee728b)
Start importing Assets/ADG_Textures/ground_vol1/ground5/ground5_Height.tga using Guid(60541731a16ad774bb3be1de36aa592f) Importer(815301076,1909f56bfc062723c751e8b465ee728b)  -> (artifact id: 'da2e70310d3f8d769dd710f835d170ba') in 0.017287 seconds 
  Import took 0.020035 seconds .

========================================================================
Received Import Request.
  Time since last request: 0.000389 seconds.
  path: Assets/ADG_Textures/ground_vol1/ground5/ground5_Metallic.tga
  artifactKey: Guid(8d63b7caa4e75dd4aa5e84f4b97befa6) Importer(815301076,1909f56bfc062723c751e8b465ee728b)
Start importing Assets/ADG_Textures/ground_vol1/ground5/ground5_Metallic.tga using Guid(8d63b7caa4e75dd4aa5e84f4b97befa6) Importer(815301076,1909f56bfc062723c751e8b465ee728b)  -> (artifact id: 'a37e51cf1659fd2140f012fcad3a7448') in 0.013358 seconds 
  Import took 0.016240 seconds .

========================================================================
Received Import Request.
  Time since last request: 0.000322 seconds.
  path: Assets/ADG_Textures/ground_vol1/ground4/ground4_Height.tga
  artifactKey: Guid(3397c7f4a7562e546bcfc9faa71e1659) Importer(815301076,1909f56bfc062723c751e8b465ee728b)
Start importing Assets/ADG_Textures/ground_vol1/ground4/ground4_Height.tga using Guid(3397c7f4a7562e546bcfc9faa71e1659) Importer(815301076,1909f56bfc062723c751e8b465ee728b)  -> (artifact id: '3c52e28f0f844ec72d3dd0e5a12fdfac') in 0.014533 seconds 
  Import took 0.018259 seconds .

========================================================================
Received Import Request.
  Time since last request: 0.000361 seconds.
  path: Assets/ADG_Textures/ground_vol1/ground3/ground3_Metallic.tga
  artifactKey: Guid(a55658d42f533714ebdf91ad5706ee74) Importer(815301076,1909f56bfc062723c751e8b465ee728b)
Start importing Assets/ADG_Textures/ground_vol1/ground3/ground3_Metallic.tga using Guid(a55658d42f533714ebdf91ad5706ee74) Importer(815301076,1909f56bfc062723c751e8b465ee728b)  -> (artifact id: 'f29dac530a8d87219fbc120774fa7d35') in 0.010649 seconds 
  Import took 0.013757 seconds .

========================================================================
Received Import Request.
  Time since last request: 0.000331 seconds.
  path: Assets/ADG_Textures/ground_vol1/ground4/ground4_Normal.tga
  artifactKey: Guid(6711a6f408dca5b41b938ec249d8d444) Importer(815301076,1909f56bfc062723c751e8b465ee728b)
Start importing Assets/ADG_Textures/ground_vol1/ground4/ground4_Normal.tga using Guid(6711a6f408dca5b41b938ec249d8d444) Importer(815301076,1909f56bfc062723c751e8b465ee728b)  -> (artifact id: '392edfcda355cc8f1ac50ddf5bce6ef3') in 0.021075 seconds 
  Import took 0.024346 seconds .

========================================================================
Received Import Request.
  Time since last request: 0.000623 seconds.
  path: Assets/ADG_Textures/ground_vol1/ground4/ground4_Diffuse.tga
  artifactKey: Guid(9875bf7345d4ac04ab35f3b9ed63a954) Importer(815301076,1909f56bfc062723c751e8b465ee728b)
Start importing Assets/ADG_Textures/ground_vol1/ground4/ground4_Diffuse.tga using Guid(9875bf7345d4ac04ab35f3b9ed63a954) Importer(815301076,1909f56bfc062723c751e8b465ee728b)  -> (artifact id: 'fd19e6463916c1434f1a3fe62ce231b8') in 0.010446 seconds 
  Import took 0.013905 seconds .

========================================================================
Received Import Request.
  Time since last request: 0.000291 seconds.
  path: Assets/ADG_Textures/ground_vol1/ground5/ground5_Ambient_Occlusion.tga
  artifactKey: Guid(03e262b3b2775504b8e1534cce498347) Importer(815301076,1909f56bfc062723c751e8b465ee728b)
Start importing Assets/ADG_Textures/ground_vol1/ground5/ground5_Ambient_Occlusion.tga using Guid(03e262b3b2775504b8e1534cce498347) Importer(815301076,1909f56bfc062723c751e8b465ee728b)  -> (artifact id: '9c9db1f111cd3c7068b985db60781b1f') in 0.013195 seconds 
  Import took 0.017363 seconds .

========================================================================
Received Import Request.
  Time since last request: 0.000296 seconds.
  path: Assets/ADG_Textures/ground_vol1/ground4/ground4_Ambient_Occlusion.tga
  artifactKey: Guid(1626b1dd9f03a1a4d87b2440d41208a8) Importer(815301076,1909f56bfc062723c751e8b465ee728b)
Start importing Assets/ADG_Textures/ground_vol1/ground4/ground4_Ambient_Occlusion.tga using Guid(1626b1dd9f03a1a4d87b2440d41208a8) Importer(815301076,1909f56bfc062723c751e8b465ee728b)  -> (artifact id: '643fa91a0b4916b981328a86f97bf9cf') in 0.016114 seconds 
  Import took 0.020194 seconds .

========================================================================
Received Import Request.
  Time since last request: 0.000255 seconds.
  path: Assets/ADG_Textures/ground_vol1/ground1/ground1_Metallic.tga
  artifactKey: Guid(33d10529b8ef9af47a3d97a1c7419649) Importer(815301076,1909f56bfc062723c751e8b465ee728b)
Start importing Assets/ADG_Textures/ground_vol1/ground1/ground1_Metallic.tga using Guid(33d10529b8ef9af47a3d97a1c7419649) Importer(815301076,1909f56bfc062723c751e8b465ee728b)  -> (artifact id: 'ed89370493f1ab6b2ae8047786a9fe73') in 0.009723 seconds 
  Import took 0.012645 seconds .

========================================================================
Received Import Request.
  Time since last request: 0.000289 seconds.
  path: Assets/ADG_Textures/ground_vol1/ground3/ground3_Height.tga
  artifactKey: Guid(05969a2c28cfe044cadd6d4b9d12eb3c) Importer(815301076,1909f56bfc062723c751e8b465ee728b)
Start importing Assets/ADG_Textures/ground_vol1/ground3/ground3_Height.tga using Guid(05969a2c28cfe044cadd6d4b9d12eb3c) Importer(815301076,1909f56bfc062723c751e8b465ee728b)  -> (artifact id: 'b540f270e5659f927e9d07b8312a9600') in 0.012274 seconds 
  Import took 0.015034 seconds .

========================================================================
Received Import Request.
  Time since last request: 1.761180 seconds.
  path: Assets/ADG_Textures/ground_vol1/ground5/ground5_Normal.tga
  artifactKey: Guid(219386670151bc542a3b2fd69819e13e) Importer(815301076,1909f56bfc062723c751e8b465ee728b)
Start importing Assets/ADG_Textures/ground_vol1/ground5/ground5_Normal.tga using Guid(219386670151bc542a3b2fd69819e13e) Importer(815301076,1909f56bfc062723c751e8b465ee728b)  -> (artifact id: 'eec12b76a6060ac36b1a0442a5ff5148') in 0.020400 seconds 
  Import took 0.023936 seconds .

========================================================================
Received Import Request.
  Time since last request: 0.000301 seconds.
  path: Assets/ADG_Textures/ground_vol1/ground6/ground6_Diffuse.tga
  artifactKey: Guid(6dff70b1f69dbc640b854ad550b78c39) Importer(815301076,1909f56bfc062723c751e8b465ee728b)
Start importing Assets/ADG_Textures/ground_vol1/ground6/ground6_Diffuse.tga using Guid(6dff70b1f69dbc640b854ad550b78c39) Importer(815301076,1909f56bfc062723c751e8b465ee728b)  -> (artifact id: 'de5617d889f5d2eedbd9c1b5e9329796') in 0.009777 seconds 
  Import took 0.012109 seconds .

========================================================================
Received Import Request.
  Time since last request: 0.000245 seconds.
  path: Assets/ADG_Textures/ground_vol1/ground6/ground6_Metallic.tga
  artifactKey: Guid(587f7b9aecf33ee4b8f2c5ca769cd35a) Importer(815301076,1909f56bfc062723c751e8b465ee728b)
Start importing Assets/ADG_Textures/ground_vol1/ground6/ground6_Metallic.tga using Guid(587f7b9aecf33ee4b8f2c5ca769cd35a) Importer(815301076,1909f56bfc062723c751e8b465ee728b)  -> (artifact id: 'c6c716f661af8faf584a8d9870c5368b') in 0.037718 seconds 
  Import took 0.040190 seconds .

========================================================================
Received Import Request.
  Time since last request: 0.000435 seconds.
  path: Assets/ADG_Textures/ground_vol1/ground6/ground6_Height.tga
  artifactKey: Guid(083decf4ef7144f4bb014384ac1044b0) Importer(815301076,1909f56bfc062723c751e8b465ee728b)
Start importing Assets/ADG_Textures/ground_vol1/ground6/ground6_Height.tga using Guid(083decf4ef7144f4bb014384ac1044b0) Importer(815301076,1909f56bfc062723c751e8b465ee728b)  -> (artifact id: '8e7e8d707279d250b8fecb6fb5545413') in 0.014179 seconds 
  Import took 0.017486 seconds .

========================================================================
Received Import Request.
  Time since last request: 0.000229 seconds.
  path: Assets/ADG_Textures/ground_vol1/ground7/ground7_Height.tga
  artifactKey: Guid(7675b323e40eb7d448be59ef94396cca) Importer(815301076,1909f56bfc062723c751e8b465ee728b)
Start importing Assets/ADG_Textures/ground_vol1/ground7/ground7_Height.tga using Guid(7675b323e40eb7d448be59ef94396cca) Importer(815301076,1909f56bfc062723c751e8b465ee728b)  -> (artifact id: 'a94df50beab7d8fb8d2b59ac44e35b15') in 0.016079 seconds 
  Import took 0.018736 seconds .

========================================================================
Received Import Request.
  Time since last request: 0.000270 seconds.
  path: Assets/ADG_Textures/ground_vol1/ground7/ground7_Ambient_Occlusion.tga
  artifactKey: Guid(39069846104692045a9ba8eda0dbad6d) Importer(815301076,1909f56bfc062723c751e8b465ee728b)
Start importing Assets/ADG_Textures/ground_vol1/ground7/ground7_Ambient_Occlusion.tga using Guid(39069846104692045a9ba8eda0dbad6d) Importer(815301076,1909f56bfc062723c751e8b465ee728b)  -> (artifact id: '049e20aca8cfb9e1af72aab722f6f60f') in 0.015729 seconds 
  Import took 0.018996 seconds .

========================================================================
Received Import Request.
  Time since last request: 0.000398 seconds.
  path: Assets/ADG_Textures/ground_vol1/ground9/ground9_Height.tga
  artifactKey: Guid(e9a070d57a52c914893b85e9501c4344) Importer(815301076,1909f56bfc062723c751e8b465ee728b)
Start importing Assets/ADG_Textures/ground_vol1/ground9/ground9_Height.tga using Guid(e9a070d57a52c914893b85e9501c4344) Importer(815301076,1909f56bfc062723c751e8b465ee728b)  -> (artifact id: 'b8ee20b011075e979b7a901d6c46a70a') in 0.018250 seconds 
  Import took 0.021128 seconds .

========================================================================
Received Import Request.
  Time since last request: 0.000256 seconds.
  path: Assets/ADG_Textures/ground_vol1/ground11/ground11_Metallic.tga
  artifactKey: Guid(fdc3ee6e61750944387c2bddc6de10ab) Importer(815301076,1909f56bfc062723c751e8b465ee728b)
Start importing Assets/ADG_Textures/ground_vol1/ground11/ground11_Metallic.tga using Guid(fdc3ee6e61750944387c2bddc6de10ab) Importer(815301076,1909f56bfc062723c751e8b465ee728b)  -> (artifact id: '75e8fc4a0faae6939e3a71d494ecdf82') in 0.013602 seconds 
  Import took 0.019603 seconds .

========================================================================
Received Import Request.
  Time since last request: 0.000331 seconds.
  path: Assets/ADG_Textures/ground_vol1/ground11/ground11_Height.tga
  artifactKey: Guid(cd4707edccbd4f549a34eebe19497b9a) Importer(815301076,1909f56bfc062723c751e8b465ee728b)
Start importing Assets/ADG_Textures/ground_vol1/ground11/ground11_Height.tga using Guid(cd4707edccbd4f549a34eebe19497b9a) Importer(815301076,1909f56bfc062723c751e8b465ee728b)  -> (artifact id: 'a8ef7ea5eba0339142c8d24459fe3389') in 0.014411 seconds 
  Import took 0.017035 seconds .

========================================================================
Received Import Request.
  Time since last request: 0.000255 seconds.
  path: Assets/ADG_Textures/ground_vol1/ground13/ground13_Height.tga
  artifactKey: Guid(b7ef56f6ca2ab724e9fcf1949a7a1638) Importer(815301076,1909f56bfc062723c751e8b465ee728b)
Start importing Assets/ADG_Textures/ground_vol1/ground13/ground13_Height.tga using Guid(b7ef56f6ca2ab724e9fcf1949a7a1638) Importer(815301076,1909f56bfc062723c751e8b465ee728b)  -> (artifact id: '80e411fe7e96a84ea32ba642910d9301') in 0.013851 seconds 
  Import took 0.016260 seconds .

========================================================================
Received Import Request.
  Time since last request: 0.000290 seconds.
  path: Assets/ADG_Textures/ground_vol1/ground7/ground7_Metallic.tga
  artifactKey: Guid(e9d30098b0fc07a4887f73b87ad656f5) Importer(815301076,1909f56bfc062723c751e8b465ee728b)
Start importing Assets/ADG_Textures/ground_vol1/ground7/ground7_Metallic.tga using Guid(e9d30098b0fc07a4887f73b87ad656f5) Importer(815301076,1909f56bfc062723c751e8b465ee728b)  -> (artifact id: 'a3b955abaf6b7450f7791849cae65c8c') in 0.013302 seconds 
  Import took 0.016370 seconds .

========================================================================
Received Import Request.
  Time since last request: 0.000316 seconds.
  path: Assets/ADG_Textures/ground_vol1/ground14/ground14_Height.tga
  artifactKey: Guid(019c9c14a59c63f40aa359f74a836a1f) Importer(815301076,1909f56bfc062723c751e8b465ee728b)
Start importing Assets/ADG_Textures/ground_vol1/ground14/ground14_Height.tga using Guid(019c9c14a59c63f40aa359f74a836a1f) Importer(815301076,1909f56bfc062723c751e8b465ee728b)  -> (artifact id: '3f560c510050b496bbf0567bf9dac3e4') in 0.019138 seconds 
  Import took 0.021998 seconds .

========================================================================
Received Import Request.
  Time since last request: 0.000300 seconds.
  path: Assets/ADG_Textures/ground_vol1/ground14/ground14_Ambient_Occlusion.tga
  artifactKey: Guid(573c7bc99dcbc0f4ea88b3ac63b42402) Importer(815301076,1909f56bfc062723c751e8b465ee728b)
Start importing Assets/ADG_Textures/ground_vol1/ground14/ground14_Ambient_Occlusion.tga using Guid(573c7bc99dcbc0f4ea88b3ac63b42402) Importer(815301076,1909f56bfc062723c751e8b465ee728b)  -> (artifact id: '7c9834622abe052ff256ae5eea1cf9c6') in 0.016149 seconds 
  Import took 0.019782 seconds .

========================================================================
Received Import Request.
  Time since last request: 0.000388 seconds.
  path: Assets/ADG_Textures/ground_vol1/ground12/ground12_Ambient_Occlusion.tga
  artifactKey: Guid(486d05903420710488646c5c8e8fd3a6) Importer(815301076,1909f56bfc062723c751e8b465ee728b)
Start importing Assets/ADG_Textures/ground_vol1/ground12/ground12_Ambient_Occlusion.tga using Guid(486d05903420710488646c5c8e8fd3a6) Importer(815301076,1909f56bfc062723c751e8b465ee728b)  -> (artifact id: 'f80cb6feba4ab2b007ddcd833af41194') in 0.016929 seconds 
  Import took 0.019652 seconds .

========================================================================
Received Import Request.
  Time since last request: 0.000299 seconds.
  path: Assets/ADG_Textures/ground_vol1/ground8/ground8_Normal.tga
  artifactKey: Guid(2d0eaf0b58831b049afa39bf24ea07c5) Importer(815301076,1909f56bfc062723c751e8b465ee728b)
Start importing Assets/ADG_Textures/ground_vol1/ground8/ground8_Normal.tga using Guid(2d0eaf0b58831b049afa39bf24ea07c5) Importer(815301076,1909f56bfc062723c751e8b465ee728b)  -> (artifact id: 'c50746a34b9a44c15d27119d79b19915') in 0.022164 seconds 
  Import took 0.028829 seconds .

========================================================================
Received Import Request.
  Time since last request: 0.000342 seconds.
  path: Assets/ADG_Textures/ground_vol1/ground14/ground14_Normal.tga
  artifactKey: Guid(bb9441ad1e914614c84125c92ac95253) Importer(815301076,1909f56bfc062723c751e8b465ee728b)
Start importing Assets/ADG_Textures/ground_vol1/ground14/ground14_Normal.tga using Guid(bb9441ad1e914614c84125c92ac95253) Importer(815301076,1909f56bfc062723c751e8b465ee728b)  -> (artifact id: 'e0f2071ea7e9b8ce6e3ea00efd9dd119') in 0.019243 seconds 
  Import took 0.023740 seconds .

========================================================================
Received Import Request.
  Time since last request: 0.000283 seconds.
  path: Assets/GrassFlowers/Demo/DemoGrassFlowers/ReflectionProbe-0.exr
  artifactKey: Guid(ff26dd0d532f43942b51232390841a6d) Importer(815301076,1909f56bfc062723c751e8b465ee728b)
Start importing Assets/GrassFlowers/Demo/DemoGrassFlowers/ReflectionProbe-0.exr using Guid(ff26dd0d532f43942b51232390841a6d) Importer(815301076,1909f56bfc062723c751e8b465ee728b)  -> (artifact id: '3371cae229bcdf7ab8618df2cc1ccb80') in 1.372401 seconds 
  Import took 1.374886 seconds .

========================================================================
Received Import Request.
  Time since last request: 0.003700 seconds.
  path: Assets/ADG_Textures/ground_vol1/ground7/ground7_Normal.tga
  artifactKey: Guid(772b522eb070d9c4fa30ce003900a485) Importer(815301076,1909f56bfc062723c751e8b465ee728b)
Start importing Assets/ADG_Textures/ground_vol1/ground7/ground7_Normal.tga using Guid(772b522eb070d9c4fa30ce003900a485) Importer(815301076,1909f56bfc062723c751e8b465ee728b)  -> (artifact id: '72b3618e76c63905569dbf97e1f492b6') in 0.044308 seconds 
  Import took 0.047808 seconds .

========================================================================
Received Import Request.
  Time since last request: 0.000308 seconds.
  path: Assets/ADG_Textures/ground_vol1/ground8/ground8_Diffuse.tga
  artifactKey: Guid(27dcac97c77064349b5278157901e387) Importer(815301076,1909f56bfc062723c751e8b465ee728b)
Start importing Assets/ADG_Textures/ground_vol1/ground8/ground8_Diffuse.tga using Guid(27dcac97c77064349b5278157901e387) Importer(815301076,1909f56bfc062723c751e8b465ee728b)  -> (artifact id: '05d9ba54a981420d5673df5be35633df') in 0.039411 seconds 
  Import took 0.042697 seconds .

========================================================================
Received Import Request.
  Time since last request: 0.000358 seconds.
  path: Assets/ADG_Textures/ground_vol1/ground10/ground10_Metallic.tga
  artifactKey: Guid(3474fc5fa2382534a9b157133916e485) Importer(815301076,1909f56bfc062723c751e8b465ee728b)
Start importing Assets/ADG_Textures/ground_vol1/ground10/ground10_Metallic.tga using Guid(3474fc5fa2382534a9b157133916e485) Importer(815301076,1909f56bfc062723c751e8b465ee728b)  -> (artifact id: '35827e57764303bd6a4651524efd99d6') in 0.016409 seconds 
  Import took 0.019842 seconds .

========================================================================
Received Import Request.
  Time since last request: 0.000286 seconds.
  path: Assets/ADG_Textures/ground_vol1/ground9/ground9_Metallic.tga
  artifactKey: Guid(e0fd2876c23733c4ebf4f3771c51dd3f) Importer(815301076,1909f56bfc062723c751e8b465ee728b)
Start importing Assets/ADG_Textures/ground_vol1/ground9/ground9_Metallic.tga using Guid(e0fd2876c23733c4ebf4f3771c51dd3f) Importer(815301076,1909f56bfc062723c751e8b465ee728b)  -> (artifact id: '67e66aa1e9102d922c055a3be5643ed5') in 0.025679 seconds 
  Import took 0.028470 seconds .

========================================================================
Received Import Request.
  Time since last request: 0.000314 seconds.
  path: Assets/ADG_Textures/ground_vol1/ground10/ground10_Ambient_Occlusion.tga
  artifactKey: Guid(24681add3f24f044daca3cc8a13e6395) Importer(815301076,1909f56bfc062723c751e8b465ee728b)
Start importing Assets/ADG_Textures/ground_vol1/ground10/ground10_Ambient_Occlusion.tga using Guid(24681add3f24f044daca3cc8a13e6395) Importer(815301076,1909f56bfc062723c751e8b465ee728b)  -> (artifact id: 'e2a142ce55c61ceb5f230bcdb83f2a75') in 0.072504 seconds 
  Import took 0.075802 seconds .

========================================================================
Received Import Request.
  Time since last request: 0.000360 seconds.
  path: Assets/ADG_Textures/ground_vol1/ground13/ground13_Ambient_Occlusion.tga
  artifactKey: Guid(2a99c17849836234e94e4e4b040bc253) Importer(815301076,1909f56bfc062723c751e8b465ee728b)
Start importing Assets/ADG_Textures/ground_vol1/ground13/ground13_Ambient_Occlusion.tga using Guid(2a99c17849836234e94e4e4b040bc253) Importer(815301076,1909f56bfc062723c751e8b465ee728b)  -> (artifact id: 'c98e746edaf6803bff67a55a77601d4d') in 0.018222 seconds 
  Import took 0.021006 seconds .

========================================================================
Received Import Request.
  Time since last request: 0.000278 seconds.
  path: Assets/ADG_Textures/ground_vol1/ground12/ground12_Normal.tga
  artifactKey: Guid(817358eba3aa2e34e9a0f73eb7850fe9) Importer(815301076,1909f56bfc062723c751e8b465ee728b)
Start importing Assets/ADG_Textures/ground_vol1/ground12/ground12_Normal.tga using Guid(817358eba3aa2e34e9a0f73eb7850fe9) Importer(815301076,1909f56bfc062723c751e8b465ee728b)  -> (artifact id: '28ff4333d19cafd14e6217cc0cf9fe13') in 0.023097 seconds 
  Import took 0.026497 seconds .

========================================================================
Received Import Request.
  Time since last request: 0.000330 seconds.
  path: Assets/ADG_Textures/ground_vol1/ground10/ground10_Normal.tga
  artifactKey: Guid(84794b884a1ed204f9ce92a773a3fb0e) Importer(815301076,1909f56bfc062723c751e8b465ee728b)
Start importing Assets/ADG_Textures/ground_vol1/ground10/ground10_Normal.tga using Guid(84794b884a1ed204f9ce92a773a3fb0e) Importer(815301076,1909f56bfc062723c751e8b465ee728b)  -> (artifact id: '9fc5f45dd39f4da6e1e20c64fe035f33') in 0.024563 seconds 
  Import took 0.028173 seconds .

========================================================================
Received Import Request.
  Time since last request: 0.000297 seconds.
  path: Assets/ADG_Textures/ground_vol1/ground11/ground11_Normal.tga
  artifactKey: Guid(18065c20143a44f479d7c439a3455795) Importer(815301076,1909f56bfc062723c751e8b465ee728b)
Start importing Assets/ADG_Textures/ground_vol1/ground11/ground11_Normal.tga using Guid(18065c20143a44f479d7c439a3455795) Importer(815301076,1909f56bfc062723c751e8b465ee728b)  -> (artifact id: 'f219b05c279726deb4c6c5c368835c3e') in 0.023345 seconds 
  Import took 0.027650 seconds .

========================================================================
Received Import Request.
  Time since last request: 0.000304 seconds.
  path: Assets/ADG_Textures/ground_vol1/ground6/ground6_Normal.tga
  artifactKey: Guid(7fa0035d52e52164dbe94df41517b0b7) Importer(815301076,1909f56bfc062723c751e8b465ee728b)
Start importing Assets/ADG_Textures/ground_vol1/ground6/ground6_Normal.tga using Guid(7fa0035d52e52164dbe94df41517b0b7) Importer(815301076,1909f56bfc062723c751e8b465ee728b)  -> (artifact id: '10bcd447b556893f215b83e88af2f074') in 0.024934 seconds 
  Import took 0.028854 seconds .

========================================================================
Received Import Request.
  Time since last request: 0.000347 seconds.
  path: Assets/ADG_Textures/ground_vol1/ground11/ground11_Ambient_Occlusion.tga
  artifactKey: Guid(1c2b00545d9509e49870ddf237e576cf) Importer(815301076,1909f56bfc062723c751e8b465ee728b)
Start importing Assets/ADG_Textures/ground_vol1/ground11/ground11_Ambient_Occlusion.tga using Guid(1c2b00545d9509e49870ddf237e576cf) Importer(815301076,1909f56bfc062723c751e8b465ee728b)  -> (artifact id: '1b7026347cbd2966d6816becd4456b8d') in 0.016356 seconds 
  Import took 0.019182 seconds .

========================================================================
Received Import Request.
  Time since last request: 0.000272 seconds.
  path: Assets/ADG_Textures/ground_vol1/ground13/ground13_Normal.tga
  artifactKey: Guid(b2fb145365da39b43bb38b3d3d3db1eb) Importer(815301076,1909f56bfc062723c751e8b465ee728b)
Start importing Assets/ADG_Textures/ground_vol1/ground13/ground13_Normal.tga using Guid(b2fb145365da39b43bb38b3d3d3db1eb) Importer(815301076,1909f56bfc062723c751e8b465ee728b)  -> (artifact id: 'd084710c11c14f2820410d9cefc5e57a') in 0.023699 seconds 
  Import took 0.027428 seconds .

========================================================================
Received Import Request.
  Time since last request: 0.000318 seconds.
  path: Assets/ADG_Textures/ground_vol1/ground10/ground10_Height.tga
  artifactKey: Guid(4410fd6b36868554398d61186f5d8f01) Importer(815301076,1909f56bfc062723c751e8b465ee728b)
Start importing Assets/ADG_Textures/ground_vol1/ground10/ground10_Height.tga using Guid(4410fd6b36868554398d61186f5d8f01) Importer(815301076,1909f56bfc062723c751e8b465ee728b)  -> (artifact id: '0b772d38d9f8ba55ebbd53387ef537ce') in 0.016721 seconds 
  Import took 0.019363 seconds .

========================================================================
Received Import Request.
  Time since last request: 0.000254 seconds.
  path: Assets/ADG_Textures/ground_vol1/ground9/ground9_Normal.tga
  artifactKey: Guid(1868fa7be7ed59c45927c480c110c8d8) Importer(815301076,1909f56bfc062723c751e8b465ee728b)
Start importing Assets/ADG_Textures/ground_vol1/ground9/ground9_Normal.tga using Guid(1868fa7be7ed59c45927c480c110c8d8) Importer(815301076,1909f56bfc062723c751e8b465ee728b)  -> (artifact id: '413b0452acc1a03d0c5a3b6fff3a22e5') in 0.023034 seconds 
  Import took 0.026934 seconds .

========================================================================
Received Import Request.
  Time since last request: 0.000282 seconds.
  path: Assets/ADG_Textures/ground_vol1/ground12/ground12_Diffuse.tga
  artifactKey: Guid(e5bdfc3501c76e542bf68ff5e1c84f67) Importer(815301076,1909f56bfc062723c751e8b465ee728b)
Start importing Assets/ADG_Textures/ground_vol1/ground12/ground12_Diffuse.tga using Guid(e5bdfc3501c76e542bf68ff5e1c84f67) Importer(815301076,1909f56bfc062723c751e8b465ee728b)  -> (artifact id: '53f33904c2985595cfc32dba55df0b5b') in 0.017425 seconds 
  Import took 0.020235 seconds .

========================================================================
Received Import Request.
  Time since last request: 0.000323 seconds.
  path: Assets/ADG_Textures/ground_vol1/ground7/ground7_Diffuse.tga
  artifactKey: Guid(3d6ea8373013b3546a620f84802e06f6) Importer(815301076,1909f56bfc062723c751e8b465ee728b)
Start importing Assets/ADG_Textures/ground_vol1/ground7/ground7_Diffuse.tga using Guid(3d6ea8373013b3546a620f84802e06f6) Importer(815301076,1909f56bfc062723c751e8b465ee728b)  -> (artifact id: 'a230e1b7546af0c07322a554a6ff4323') in 0.018667 seconds 
  Import took 0.021579 seconds .

========================================================================
Received Import Request.
  Time since last request: 0.000329 seconds.
  path: Assets/ADG_Textures/ground_vol1/ground10/ground10_Diffuse.tga
  artifactKey: Guid(877fd89f59f209b48af33c4e3e45498d) Importer(815301076,1909f56bfc062723c751e8b465ee728b)
Start importing Assets/ADG_Textures/ground_vol1/ground10/ground10_Diffuse.tga using Guid(877fd89f59f209b48af33c4e3e45498d) Importer(815301076,1909f56bfc062723c751e8b465ee728b)  -> (artifact id: 'abf1361242d8769080b65eeaff91ad6c') in 0.019177 seconds 
  Import took 0.021923 seconds .

========================================================================
Received Import Request.
  Time since last request: 0.000351 seconds.
  path: Assets/ADG_Textures/ground_vol1/ground11/ground11_Diffuse.tga
  artifactKey: Guid(c43f9982d7a1d574f8ad78bdc6fa59b6) Importer(815301076,1909f56bfc062723c751e8b465ee728b)
Start importing Assets/ADG_Textures/ground_vol1/ground11/ground11_Diffuse.tga using Guid(c43f9982d7a1d574f8ad78bdc6fa59b6) Importer(815301076,1909f56bfc062723c751e8b465ee728b)  -> (artifact id: '8e04842a7ec5ec9f8902aa5c4f043c03') in 0.018121 seconds 
  Import took 0.021297 seconds .

========================================================================
Received Import Request.
  Time since last request: 0.000293 seconds.
  path: Assets/ADG_Textures/ground_vol1/ground12/ground12_Height.tga
  artifactKey: Guid(b320db6f22b011142b1e27bce43eb699) Importer(815301076,1909f56bfc062723c751e8b465ee728b)
Start importing Assets/ADG_Textures/ground_vol1/ground12/ground12_Height.tga using Guid(b320db6f22b011142b1e27bce43eb699) Importer(815301076,1909f56bfc062723c751e8b465ee728b)  -> (artifact id: '2177a1abe809018d91144a5bcd2f8382') in 0.016895 seconds 
  Import took 0.020033 seconds .

========================================================================
Received Import Request.
  Time since last request: 0.000480 seconds.
  path: Assets/ADG_Textures/ground_vol1/ground13/ground13_Diffuse.tga
  artifactKey: Guid(cce9f7be0e1b10244979707127c0bfc5) Importer(815301076,1909f56bfc062723c751e8b465ee728b)
Start importing Assets/ADG_Textures/ground_vol1/ground13/ground13_Diffuse.tga using Guid(cce9f7be0e1b10244979707127c0bfc5) Importer(815301076,1909f56bfc062723c751e8b465ee728b)  -> (artifact id: 'b619c0ba6759fd3f20cc1805286a7471') in 0.015674 seconds 
  Import took 0.019717 seconds .

========================================================================
Received Import Request.
  Time since last request: 0.000527 seconds.
  path: Assets/ADG_Textures/ground_vol1/ground8/ground8_Ambient_Occlusion.tga
  artifactKey: Guid(83f79670916b18a4cb3dd454e8c6c7e2) Importer(815301076,1909f56bfc062723c751e8b465ee728b)
Start importing Assets/ADG_Textures/ground_vol1/ground8/ground8_Ambient_Occlusion.tga using Guid(83f79670916b18a4cb3dd454e8c6c7e2) Importer(815301076,1909f56bfc062723c751e8b465ee728b)  -> (artifact id: '1420836b82c2f8bfb4ad12db68967471') in 0.018255 seconds 
  Import took 0.021872 seconds .

========================================================================
Received Import Request.
  Time since last request: 0.000384 seconds.
  path: Assets/ADG_Textures/ground_vol1/ground14/ground14_Metallic.tga
  artifactKey: Guid(65f04b330297cc244aaa78ae4015f466) Importer(815301076,1909f56bfc062723c751e8b465ee728b)
Start importing Assets/ADG_Textures/ground_vol1/ground14/ground14_Metallic.tga using Guid(65f04b330297cc244aaa78ae4015f466) Importer(815301076,1909f56bfc062723c751e8b465ee728b)  -> (artifact id: 'd7cd486aa3d271619e7000fafd1e49cc') in 0.015194 seconds 
  Import took 0.018530 seconds .

========================================================================
Received Import Request.
  Time since last request: 0.000282 seconds.
  path: Assets/ADG_Textures/ground_vol1/ground6/ground6_Ambient_Occlusion.tga
  artifactKey: Guid(ebd3d1a8771ae20409976ac604480143) Importer(815301076,1909f56bfc062723c751e8b465ee728b)
Start importing Assets/ADG_Textures/ground_vol1/ground6/ground6_Ambient_Occlusion.tga using Guid(ebd3d1a8771ae20409976ac604480143) Importer(815301076,1909f56bfc062723c751e8b465ee728b)  -> (artifact id: 'f14afde4cb8b93134e1b2656263e3038') in 0.019014 seconds 
  Import took 0.022002 seconds .

========================================================================
Received Import Request.
  Time since last request: 0.000285 seconds.
  path: Assets/ADG_Textures/ground_vol1/ground14/ground14_Diffuse.tga
  artifactKey: Guid(b0701a45fb6c40346a84f5fd65653318) Importer(815301076,1909f56bfc062723c751e8b465ee728b)
Start importing Assets/ADG_Textures/ground_vol1/ground14/ground14_Diffuse.tga using Guid(b0701a45fb6c40346a84f5fd65653318) Importer(815301076,1909f56bfc062723c751e8b465ee728b)  -> (artifact id: 'f750ca4c9ed6a37adfed4de4492aab2b') in 0.016817 seconds 
  Import took 0.020033 seconds .

========================================================================
Received Import Request.
  Time since last request: 0.000256 seconds.
  path: Assets/ADG_Textures/ground_vol1/ground13/ground13_Metallic.tga
  artifactKey: Guid(4d2c3481f7fceba4bb8e65a157391583) Importer(815301076,1909f56bfc062723c751e8b465ee728b)
Start importing Assets/ADG_Textures/ground_vol1/ground13/ground13_Metallic.tga using Guid(4d2c3481f7fceba4bb8e65a157391583) Importer(815301076,1909f56bfc062723c751e8b465ee728b)  -> (artifact id: 'ba21b155ae5f69d289e4909f5ef180f0') in 0.016507 seconds 
  Import took 0.019017 seconds .

========================================================================
Received Import Request.
  Time since last request: 0.000244 seconds.
  path: Assets/ADG_Textures/ground_vol1/ground8/ground8_Metallic.tga
  artifactKey: Guid(a08e6063e7e3b4a45b860146c8c613dc) Importer(815301076,1909f56bfc062723c751e8b465ee728b)
Start importing Assets/ADG_Textures/ground_vol1/ground8/ground8_Metallic.tga using Guid(a08e6063e7e3b4a45b860146c8c613dc) Importer(815301076,1909f56bfc062723c751e8b465ee728b)  -> (artifact id: '6accb4ac1a2bd312515ac7ff03fb32e2') in 0.018739 seconds 
  Import took 0.021777 seconds .

========================================================================
Received Import Request.
  Time since last request: 0.000257 seconds.
  path: Assets/ADG_Textures/ground_vol1/ground9/ground9_Ambient_Occlusion.tga
  artifactKey: Guid(60662f4bc5917c94986801d53f5ee99f) Importer(815301076,1909f56bfc062723c751e8b465ee728b)
Start importing Assets/ADG_Textures/ground_vol1/ground9/ground9_Ambient_Occlusion.tga using Guid(60662f4bc5917c94986801d53f5ee99f) Importer(815301076,1909f56bfc062723c751e8b465ee728b)  -> (artifact id: '6b478ae3dc0c70b412bfc34b35f32994') in 0.016291 seconds 
  Import took 0.018953 seconds .

========================================================================
Received Import Request.
  Time since last request: 0.000300 seconds.
  path: Assets/ADG_Textures/ground_vol1/ground9/ground9_Diffuse.tga
  artifactKey: Guid(9d90663c9ea0d484eae41530ee2031c5) Importer(815301076,1909f56bfc062723c751e8b465ee728b)
Start importing Assets/ADG_Textures/ground_vol1/ground9/ground9_Diffuse.tga using Guid(9d90663c9ea0d484eae41530ee2031c5) Importer(815301076,1909f56bfc062723c751e8b465ee728b)  -> (artifact id: '16f9fe3a93e854f06cc16ba189040dea') in 0.019288 seconds 
  Import took 0.022681 seconds .

========================================================================
Received Import Request.
  Time since last request: 0.000329 seconds.
  path: Assets/ADG_Textures/ground_vol1/ground12/ground12_Metallic.tga
  artifactKey: Guid(a3aed34c5d04f4f43a8e671599061421) Importer(815301076,1909f56bfc062723c751e8b465ee728b)
Start importing Assets/ADG_Textures/ground_vol1/ground12/ground12_Metallic.tga using Guid(a3aed34c5d04f4f43a8e671599061421) Importer(815301076,1909f56bfc062723c751e8b465ee728b)  -> (artifact id: 'db6205088623e7186cf23dbb69d6f0e1') in 0.017176 seconds 
  Import took 0.020622 seconds .

========================================================================
Received Import Request.
  Time since last request: 0.000273 seconds.
  path: Assets/ADG_Textures/ground_vol1/ground8/ground8_Height.tga
  artifactKey: Guid(197149ea2860411408a82a7da3570ccc) Importer(815301076,1909f56bfc062723c751e8b465ee728b)
Start importing Assets/ADG_Textures/ground_vol1/ground8/ground8_Height.tga using Guid(197149ea2860411408a82a7da3570ccc) Importer(815301076,1909f56bfc062723c751e8b465ee728b)  -> (artifact id: '060ee3b491ac02dbf3580ca28e2e64ec') in 0.019640 seconds 
  Import took 0.022525 seconds .

========================================================================
Received Import Request.
  Time since last request: 9.386833 seconds.
  path: Assets/_TerrainAutoUpgrade/layer_Grass01_BigUVd261c09ae55ba1e3.terrainlayer
  artifactKey: Guid(9addb2b87c30b41c796dc9e96b23dd3b) Importer(815301076,1909f56bfc062723c751e8b465ee728b)
Start importing Assets/_TerrainAutoUpgrade/layer_Grass01_BigUVd261c09ae55ba1e3.terrainlayer using Guid(9addb2b87c30b41c796dc9e96b23dd3b) Importer(815301076,1909f56bfc062723c751e8b465ee728b)  -> (artifact id: '6ca3291bed4164f76922b95150a908d7') in 0.394676 seconds 
  Import took 0.398579 seconds .

========================================================================
Received Import Request.
  Time since last request: 388.532964 seconds.
  path: Assets/Conifers [BOTD]/Render Pipeline Support/Built-in RP/Prefabs/PF Conifer Bare BOTD.prefab
  artifactKey: Guid(539fa9bc6500e44708e0f7b2c78cbefe) Importer(815301076,1909f56bfc062723c751e8b465ee728b)
Start importing Assets/Conifers [BOTD]/Render Pipeline Support/Built-in RP/Prefabs/PF Conifer Bare BOTD.prefab using Guid(539fa9bc6500e44708e0f7b2c78cbefe) Importer(815301076,1909f56bfc062723c751e8b465ee728b)  -> (artifact id: 'ca8807d2e4aa7427ddb2ca76482ba870') in 2.245137 seconds 
  Import took 2.249816 seconds .

========================================================================
Received Import Request.
  Time since last request: 0.002325 seconds.
  path: Assets/Conifers [BOTD]/Render Pipeline Support/Built-in RP/Prefabs/PF Conifer Small BOTD.prefab
  artifactKey: Guid(7e3c80b421a0d465b80b8e51a763ea9c) Importer(815301076,1909f56bfc062723c751e8b465ee728b)
Start importing Assets/Conifers [BOTD]/Render Pipeline Support/Built-in RP/Prefabs/PF Conifer Small BOTD.prefab using Guid(7e3c80b421a0d465b80b8e51a763ea9c) Importer(815301076,1909f56bfc062723c751e8b465ee728b)  -> (artifact id: 'ac28132f7da06c8e0f430aea1520c60e') in 0.779186 seconds 
  Import took 0.783416 seconds .

========================================================================
Received Import Request.
  Time since last request: 0.000289 seconds.
  path: Assets/Conifers [BOTD]/Render Pipeline Support/Built-in RP/Prefabs/PF Conifer Tall BOTD.prefab
  artifactKey: Guid(f41642586885949968180791f012ee81) Importer(815301076,1909f56bfc062723c751e8b465ee728b)
Start importing Assets/Conifers [BOTD]/Render Pipeline Support/Built-in RP/Prefabs/PF Conifer Tall BOTD.prefab using Guid(f41642586885949968180791f012ee81) Importer(815301076,1909f56bfc062723c751e8b465ee728b)  -> (artifact id: '1b8ae3471e30dfd36c04abd18f400d22') in 0.180018 seconds 
  Import took 0.184765 seconds .

========================================================================
Received Import Request.
  Time since last request: 0.000298 seconds.
  path: Assets/Conifers [BOTD]/Render Pipeline Support/Built-in RP/Prefabs/PF Conifer Medium BOTD.prefab
  artifactKey: Guid(abdd95d0229d64588b03d2806d9cc19a) Importer(815301076,1909f56bfc062723c751e8b465ee728b)
Start importing Assets/Conifers [BOTD]/Render Pipeline Support/Built-in RP/Prefabs/PF Conifer Medium BOTD.prefab using Guid(abdd95d0229d64588b03d2806d9cc19a) Importer(815301076,1909f56bfc062723c751e8b465ee728b)  -> (artifact id: '62105585fe7ef12f45efc9de3bc40c58') in 0.067700 seconds 
  Import took 0.072583 seconds .

========================================================================
Received Import Request.
  Time since last request: 0.000267 seconds.
  path: Assets/Conifers [BOTD]/Render Pipeline Support/Built-in RP/CTI Runtime Components/PF CTI Windzone.prefab
  artifactKey: Guid(eaf383cb55cf38f448529df28e28abba) Importer(815301076,1909f56bfc062723c751e8b465ee728b)
Start importing Assets/Conifers [BOTD]/Render Pipeline Support/Built-in RP/CTI Runtime Components/PF CTI Windzone.prefab using Guid(eaf383cb55cf38f448529df28e28abba) Importer(815301076,1909f56bfc062723c751e8b465ee728b)  -> (artifact id: '4c2f3fa898c133bdf7d2a396c5b19bc9') in 0.008704 seconds 
  Import took 0.011560 seconds .

========================================================================
Received Import Request.
  Time since last request: 202.707041 seconds.
  path: Assets/New Terrain.asset
  artifactKey: Guid(edb677eaf4557483aaebdd5a3d61d668) Importer(815301076,1909f56bfc062723c751e8b465ee728b)
Start importing Assets/New Terrain.asset using Guid(edb677eaf4557483aaebdd5a3d61d668) Importer(815301076,1909f56bfc062723c751e8b465ee728b)  -> (artifact id: 'bec189ba50f1ff3f25011b44493676b6') in 0.057117 seconds 
  Import took 0.060251 seconds .

========================================================================
Received Import Request.
  Time since last request: 0.000306 seconds.
  path: Assets/NewLayer 1.terrainlayer
  artifactKey: Guid(915d8ca46f80d4bbb8a1d2a13a4b6cf3) Importer(815301076,1909f56bfc062723c751e8b465ee728b)
Start importing Assets/NewLayer 1.terrainlayer using Guid(915d8ca46f80d4bbb8a1d2a13a4b6cf3) Importer(815301076,1909f56bfc062723c751e8b465ee728b)  -> (artifact id: 'ccd1acc3f0f93b45a4b473593c40663e') in 0.032147 seconds 
  Import took 0.035715 seconds .

========================================================================
Received Import Request.
  Time since last request: 0.000267 seconds.
  path: Assets/NewLayer.terrainlayer
  artifactKey: Guid(edaf95da9a8084446b87cecbd5e9fce1) Importer(815301076,1909f56bfc062723c751e8b465ee728b)
Start importing Assets/NewLayer.terrainlayer using Guid(edaf95da9a8084446b87cecbd5e9fce1) Importer(815301076,1909f56bfc062723c751e8b465ee728b)  -> (artifact id: 'e1fd3753c4694a979c667b7eea9baed5') in 0.018207 seconds 
  Import took 0.022019 seconds .

========================================================================
Received Import Request.
  Time since last request: 164.709372 seconds.
  path: Assets/New Terrain.asset
  artifactKey: Guid(edb677eaf4557483aaebdd5a3d61d668) Importer(815301076,1909f56bfc062723c751e8b465ee728b)
Start importing Assets/New Terrain.asset using Guid(edb677eaf4557483aaebdd5a3d61d668) Importer(815301076,1909f56bfc062723c751e8b465ee728b)  -> (artifact id: '84ad9e57284128ebe5f894c2d71ca8d3') in 0.063664 seconds 
  Import took 0.068380 seconds .

========================================================================
Received Import Request.
  Time since last request: 314.194192 seconds.
  path: Assets/New Terrain.asset
  artifactKey: Guid(edb677eaf4557483aaebdd5a3d61d668) Importer(815301076,1909f56bfc062723c751e8b465ee728b)
Start importing Assets/New Terrain.asset using Guid(edb677eaf4557483aaebdd5a3d61d668) Importer(815301076,1909f56bfc062723c751e8b465ee728b)  -> (artifact id: '12d8545a1f3149363887611e05b783c9') in 0.090788 seconds 
  Import took 0.094167 seconds .

========================================================================
Received Import Request.
  Time since last request: 17.062519 seconds.
  path: Assets/ADG_Textures/ground_vol1/ground10/ground10.mat
  artifactKey: Guid(43d91cc396861f443b5574aef062e3d3) Importer(815301076,1909f56bfc062723c751e8b465ee728b)
Start importing Assets/ADG_Textures/ground_vol1/ground10/ground10.mat using Guid(43d91cc396861f443b5574aef062e3d3) Importer(815301076,1909f56bfc062723c751e8b465ee728b)  -> (artifact id: '01dd41611a1a700ae22ba4713874c152') in 0.817472 seconds 
  Import took 0.821500 seconds .

========================================================================
Received Import Request.
  Time since last request: 0.002248 seconds.
  path: Assets/Conifers [BOTD]/Render Pipeline Support/Built-in RP/Sources/Materials/M Conifer Bark Array BODT.mat
  artifactKey: Guid(a7e78992c7c5347a29bb4ad9b987be59) Importer(815301076,1909f56bfc062723c751e8b465ee728b)
Start importing Assets/Conifers [BOTD]/Render Pipeline Support/Built-in RP/Sources/Materials/M Conifer Bark Array BODT.mat using Guid(a7e78992c7c5347a29bb4ad9b987be59) Importer(815301076,1909f56bfc062723c751e8b465ee728b)  -> (artifact id: '05005ebe6ec08e1abb9e2749d2eb3448') in 0.230309 seconds 
  Import took 0.234953 seconds .

========================================================================
Received Import Request.
  Time since last request: 0.000302 seconds.
  path: Assets/ADG_Textures/ground_vol1/ground12/ground12.mat
  artifactKey: Guid(43f38029a9368894a9fb4dd19ce0bfcd) Importer(815301076,1909f56bfc062723c751e8b465ee728b)
Start importing Assets/ADG_Textures/ground_vol1/ground12/ground12.mat using Guid(43f38029a9368894a9fb4dd19ce0bfcd) Importer(815301076,1909f56bfc062723c751e8b465ee728b)  -> (artifact id: 'a4154c41a21955c062b6e829d16bd3a1') in 0.041576 seconds 
  Import took 0.045731 seconds .

========================================================================
Received Import Request.
  Time since last request: 0.000329 seconds.
  path: Assets/ADG_Textures/ground_vol1/ground13/ground13.mat
  artifactKey: Guid(2785d3e261e963c4793fc5970256592e) Importer(815301076,1909f56bfc062723c751e8b465ee728b)
Start importing Assets/ADG_Textures/ground_vol1/ground13/ground13.mat using Guid(2785d3e261e963c4793fc5970256592e) Importer(815301076,1909f56bfc062723c751e8b465ee728b)  -> (artifact id: '1e2f0be4f15a199df9de439dc0de7d8e') in 0.043252 seconds 
  Import took 0.047654 seconds .

========================================================================
Received Import Request.
  Time since last request: 0.000345 seconds.
  path: Assets/Conifers [BOTD]/Render Pipeline Support/Built-in RP/Sources/Materials/M Conifer Leaves BODT.mat
  artifactKey: Guid(086b89f98297d43a4ae1f80ebc88e938) Importer(815301076,1909f56bfc062723c751e8b465ee728b)
Start importing Assets/Conifers [BOTD]/Render Pipeline Support/Built-in RP/Sources/Materials/M Conifer Leaves BODT.mat using Guid(086b89f98297d43a4ae1f80ebc88e938) Importer(815301076,1909f56bfc062723c751e8b465ee728b)  -> (artifact id: 'dd34b158adb569206dd118be57090560') in 0.143727 seconds 
  Import took 0.147970 seconds .

========================================================================
Received Import Request.
  Time since last request: 0.000236 seconds.
  path: Assets/Conifers [BOTD]/Render Pipeline Support/Built-in RP/Sources/Materials/M Conifer Bark Simple BODT.mat
  artifactKey: Guid(fcbc9e998124d414da7cb0d951f649a3) Importer(815301076,1909f56bfc062723c751e8b465ee728b)
Start importing Assets/Conifers [BOTD]/Render Pipeline Support/Built-in RP/Sources/Materials/M Conifer Bark Simple BODT.mat using Guid(fcbc9e998124d414da7cb0d951f649a3) Importer(815301076,1909f56bfc062723c751e8b465ee728b)  -> (artifact id: 'a7923c869d97353db8b0e9a853411440') in 0.101281 seconds 
  Import took 0.104733 seconds .

========================================================================
Received Import Request.
  Time since last request: 0.000215 seconds.
  path: Assets/ADG_Textures/ground_vol1/ground11/ground11.mat
  artifactKey: Guid(0b9b69ec22bd9824dbcacaf79a566cdc) Importer(815301076,1909f56bfc062723c751e8b465ee728b)
Start importing Assets/ADG_Textures/ground_vol1/ground11/ground11.mat using Guid(0b9b69ec22bd9824dbcacaf79a566cdc) Importer(815301076,1909f56bfc062723c751e8b465ee728b)  -> (artifact id: '80b386b4cc9f4581355891b8ae567967') in 0.045869 seconds 
  Import took 0.049877 seconds .

========================================================================
Received Import Request.
  Time since last request: 0.000256 seconds.
  path: Assets/ADG_Textures/ground_vol1/ground14/ground14.mat
  artifactKey: Guid(3b7bee62bfdf81742a7e944ddd698742) Importer(815301076,1909f56bfc062723c751e8b465ee728b)
Start importing Assets/ADG_Textures/ground_vol1/ground14/ground14.mat using Guid(3b7bee62bfdf81742a7e944ddd698742) Importer(815301076,1909f56bfc062723c751e8b465ee728b)  -> (artifact id: '673f9f65384de725588fa22ff1f1ab7d') in 0.044009 seconds 
  Import took 0.048949 seconds .

========================================================================
Received Import Request.
  Time since last request: 1.542397 seconds.
  path: Assets/ADG_Textures/ground_vol1/ground5/ground5.mat
  artifactKey: Guid(255436391f9524147a37a599920b6a29) Importer(815301076,1909f56bfc062723c751e8b465ee728b)
Start importing Assets/ADG_Textures/ground_vol1/ground5/ground5.mat using Guid(255436391f9524147a37a599920b6a29) Importer(815301076,1909f56bfc062723c751e8b465ee728b)  -> (artifact id: '317f4a52f14e37a440ab1d4f512bf478') in 0.039558 seconds 
  Import took 0.043362 seconds .

========================================================================
Received Import Request.
  Time since last request: 0.000279 seconds.
  path: Assets/ADG_Textures/ground_vol1/ground1/ground1.mat
  artifactKey: Guid(2ad85dfe2430c9944a67aabf28740c2d) Importer(815301076,1909f56bfc062723c751e8b465ee728b)
Start importing Assets/ADG_Textures/ground_vol1/ground1/ground1.mat using Guid(2ad85dfe2430c9944a67aabf28740c2d) Importer(815301076,1909f56bfc062723c751e8b465ee728b)  -> (artifact id: '90d7b12a5168f8aa89fd5749241038e8') in 0.026800 seconds 
  Import took 0.030185 seconds .

========================================================================
Received Import Request.
  Time since last request: 0.000321 seconds.
  path: Assets/Conifers [BOTD]/Render Pipeline Support/Built-in RP/CTI Runtime Components/Default Components/Resources/CTI_default_billboard_material.mat
  artifactKey: Guid(6da1894adda584f759ccf5e4d9ada5bf) Importer(815301076,1909f56bfc062723c751e8b465ee728b)
Start importing Assets/Conifers [BOTD]/Render Pipeline Support/Built-in RP/CTI Runtime Components/Default Components/Resources/CTI_default_billboard_material.mat using Guid(6da1894adda584f759ccf5e4d9ada5bf) Importer(815301076,1909f56bfc062723c751e8b465ee728b)  -> (artifact id: 'd9a8e204a388eb4f3ee00f933251405f') in 0.051166 seconds 
  Import took 0.057046 seconds .

========================================================================
Received Import Request.
  Time since last request: 0.000392 seconds.
  path: Assets/ADG_Textures/ground_vol1/ground6/ground6.mat
  artifactKey: Guid(ae29ac02d08992344b9095971167e1c6) Importer(815301076,1909f56bfc062723c751e8b465ee728b)
Start importing Assets/ADG_Textures/ground_vol1/ground6/ground6.mat using Guid(ae29ac02d08992344b9095971167e1c6) Importer(815301076,1909f56bfc062723c751e8b465ee728b)  -> (artifact id: '216b266082b040d074d9e3d317b32711') in 0.037805 seconds 
  Import took 0.042857 seconds .

========================================================================
Received Import Request.
  Time since last request: 0.000238 seconds.
  path: Assets/ADG_Textures/ground_vol1/ground3/ground3.mat
  artifactKey: Guid(594c9e2618b97d542bae8e47e544b7f1) Importer(815301076,1909f56bfc062723c751e8b465ee728b)
Start importing Assets/ADG_Textures/ground_vol1/ground3/ground3.mat using Guid(594c9e2618b97d542bae8e47e544b7f1) Importer(815301076,1909f56bfc062723c751e8b465ee728b)  -> (artifact id: '9f34983546ce511ca8274dccfc88cce9') in 0.265444 seconds 
  Import took 0.268438 seconds .

========================================================================
Received Import Request.
  Time since last request: 0.000262 seconds.
  path: Assets/Conifers [BOTD]/Render Pipeline Support/Built-in RP/Sources/Billboards/Conifer Medium_BillboardMaterial.mat
  artifactKey: Guid(fc87aa03e15b04f0e881cbf7847f77c4) Importer(815301076,1909f56bfc062723c751e8b465ee728b)
Start importing Assets/Conifers [BOTD]/Render Pipeline Support/Built-in RP/Sources/Billboards/Conifer Medium_BillboardMaterial.mat using Guid(fc87aa03e15b04f0e881cbf7847f77c4) Importer(815301076,1909f56bfc062723c751e8b465ee728b)  -> (artifact id: '560a8ea653885f1f43a6e13afe0b6430') in 0.394751 seconds 
  Import took 0.397668 seconds .

========================================================================
Received Import Request.
  Time since last request: 0.000280 seconds.
  path: Assets/ADG_Textures/ground_vol1/ground4/ground4.mat
  artifactKey: Guid(58621eb9da53bb648ab64c4982c9d407) Importer(815301076,1909f56bfc062723c751e8b465ee728b)
Start importing Assets/ADG_Textures/ground_vol1/ground4/ground4.mat using Guid(58621eb9da53bb648ab64c4982c9d407) Importer(815301076,1909f56bfc062723c751e8b465ee728b)  -> (artifact id: '240541c42b26033d234dae216dfd4439') in 0.022965 seconds 
  Import took 0.026281 seconds .

========================================================================
Received Import Request.
  Time since last request: 0.000280 seconds.
  path: Assets/Conifers [BOTD]/Render Pipeline Support/Built-in RP/Sources/Billboards/Conifer Tall_BillboardMaterial.mat
  artifactKey: Guid(cb64c4536ee5b445783c428f4a53af1c) Importer(815301076,1909f56bfc062723c751e8b465ee728b)
Start importing Assets/Conifers [BOTD]/Render Pipeline Support/Built-in RP/Sources/Billboards/Conifer Tall_BillboardMaterial.mat using Guid(cb64c4536ee5b445783c428f4a53af1c) Importer(815301076,1909f56bfc062723c751e8b465ee728b)  -> (artifact id: '8a842bd2c7fe7df202f1cf22a5950386') in 0.040701 seconds 
  Import took 0.043539 seconds .

========================================================================
Received Import Request.
  Time since last request: 0.000278 seconds.
  path: Assets/Conifers [BOTD]/Render Pipeline Support/Built-in RP/Sources/Billboards/Conifer Small_BillboardMaterial.mat
  artifactKey: Guid(fba25871281c3416cbb4faf8edfb3a1c) Importer(815301076,1909f56bfc062723c751e8b465ee728b)
Start importing Assets/Conifers [BOTD]/Render Pipeline Support/Built-in RP/Sources/Billboards/Conifer Small_BillboardMaterial.mat using Guid(fba25871281c3416cbb4faf8edfb3a1c) Importer(815301076,1909f56bfc062723c751e8b465ee728b)  -> (artifact id: '932f5f43fb5fe202a7f195926851e7a6') in 0.017662 seconds 
  Import took 0.021106 seconds .

========================================================================
Received Import Request.
  Time since last request: 0.000346 seconds.
  path: Assets/ADG_Textures/ground_vol1/ground7/ground7.mat
  artifactKey: Guid(9b2d9ffb6a28d244e8e9025b4a87f779) Importer(815301076,1909f56bfc062723c751e8b465ee728b)
Start importing Assets/ADG_Textures/ground_vol1/ground7/ground7.mat using Guid(9b2d9ffb6a28d244e8e9025b4a87f779) Importer(815301076,1909f56bfc062723c751e8b465ee728b)  -> (artifact id: '3656d28937452c461168ceec1ebe141b') in 0.039199 seconds 
  Import took 0.044130 seconds .

========================================================================
Received Import Request.
  Time since last request: 0.000457 seconds.
  path: Assets/Conifers [BOTD]/Render Pipeline Support/Built-in RP/Sources/Billboards/Conifer Bare_BillboardMaterial.mat
  artifactKey: Guid(be7cd6e9ad58a462a91b1cae7694ef4c) Importer(815301076,1909f56bfc062723c751e8b465ee728b)
Start importing Assets/Conifers [BOTD]/Render Pipeline Support/Built-in RP/Sources/Billboards/Conifer Bare_BillboardMaterial.mat using Guid(be7cd6e9ad58a462a91b1cae7694ef4c) Importer(815301076,1909f56bfc062723c751e8b465ee728b)  -> (artifact id: 'd086a42d25981a7563e4e9fbdf78b5be') in 0.016846 seconds 
  Import took 0.019882 seconds .

========================================================================
Received Import Request.
  Time since last request: 0.000349 seconds.
  path: Assets/ADG_Textures/ground_vol1/ground9/ground9.mat
  artifactKey: Guid(808ad643de188e240b57498ca61b98a8) Importer(815301076,1909f56bfc062723c751e8b465ee728b)
Start importing Assets/ADG_Textures/ground_vol1/ground9/ground9.mat using Guid(808ad643de188e240b57498ca61b98a8) Importer(815301076,1909f56bfc062723c751e8b465ee728b)  -> (artifact id: '51d57b9e435e19da3e484057df2518e7') in 0.041221 seconds 
  Import took 0.045877 seconds .

========================================================================
Received Import Request.
  Time since last request: 0.000302 seconds.
  path: Assets/ADG_Textures/ground_vol1/ground2/ground2.mat
  artifactKey: Guid(88d4b65b6d484a1459f780db4b3edd0d) Importer(815301076,1909f56bfc062723c751e8b465ee728b)
Start importing Assets/ADG_Textures/ground_vol1/ground2/ground2.mat using Guid(88d4b65b6d484a1459f780db4b3edd0d) Importer(815301076,1909f56bfc062723c751e8b465ee728b)  -> (artifact id: '7d0cb72b567a7fda7b82ec4bebf8c5e7') in 0.024663 seconds 
  Import took 0.028759 seconds .

========================================================================
Received Import Request.
  Time since last request: 0.000355 seconds.
  path: Assets/ADG_Textures/ground_vol1/ground8/ground8.mat
  artifactKey: Guid(57208e3c02c59dc4bba6832237467e57) Importer(815301076,1909f56bfc062723c751e8b465ee728b)
Start importing Assets/ADG_Textures/ground_vol1/ground8/ground8.mat using Guid(57208e3c02c59dc4bba6832237467e57) Importer(815301076,1909f56bfc062723c751e8b465ee728b)  -> (artifact id: 'fec3670851c5ce8742faeae95382013d') in 0.042098 seconds 
  Import took 0.047459 seconds .

========================================================================
Received Import Request.
  Time since last request: 164.890490 seconds.
  path: Assets/_TerrainAutoUpgrade/layer_Grass01_BigUVd261c09ae55ba1e3.terrainlayer
  artifactKey: Guid(9addb2b87c30b41c796dc9e96b23dd3b) Importer(815301076,1909f56bfc062723c751e8b465ee728b)
Start importing Assets/_TerrainAutoUpgrade/layer_Grass01_BigUVd261c09ae55ba1e3.terrainlayer using Guid(9addb2b87c30b41c796dc9e96b23dd3b) Importer(815301076,1909f56bfc062723c751e8b465ee728b)  -> (artifact id: '39615ff8f1d7958a21377190e5aa2c1a') in 0.038561 seconds 
  Import took 0.042865 seconds .

